[0.284s] DEBUG:colcon:Command line arguments: ['/usr/bin/colcon', 'build', '--symlink-install']
[0.284s] DEBUG:colcon:Parsed command line arguments: Namespace(allow_overriding=[], ament_cmake_args=None, base_paths=['.'], build_base='build', catkin_cmake_args=None, catkin_skip_building_tests=False, cmake_args=None, cmake_clean_cache=False, cmake_clean_first=False, cmake_force_configure=False, cmake_target=None, cmake_target_skip_unavailable=False, continue_on_error=False, event_handlers=None, executor='parallel', ignore_user_meta=False, install_base='install', log_base=None, log_level=None, main=<bound method BuildVerb.main of <colcon_core.verb.build.BuildVerb object at 0x7f44beca77c0>>, merge_install=False, metas=['./colcon.meta'], packages_above=None, packages_above_and_dependencies=None, packages_above_depth=None, packages_end=None, packages_ignore=None, packages_ignore_regex=None, packages_select=None, packages_select_build_failed=False, packages_select_by_dep=None, packages_select_regex=None, packages_select_test_failures=False, packages_skip=None, packages_skip_build_finished=False, packages_skip_by_dep=None, packages_skip_regex=None, packages_skip_test_passed=False, packages_skip_up_to=None, packages_start=None, packages_up_to=None, packages_up_to_regex=None, parallel_workers=2, paths=None, symlink_install=True, test_result_base=None, verb_extension=<colcon_core.verb.build.BuildVerb object at 0x7f44beca77c0>, verb_name='build', verb_parser=<colcon_defaults.argument_parser.defaults.DefaultArgumentsDecorator object at 0x7f44beca7d30>)
[0.319s] Level 1:colcon.colcon_core.package_discovery:discover_packages(colcon_meta) check parameters
[0.319s] Level 1:colcon.colcon_core.package_discovery:discover_packages(recursive) check parameters
[0.319s] Level 1:colcon.colcon_core.package_discovery:discover_packages(ignore) check parameters
[0.319s] Level 1:colcon.colcon_core.package_discovery:discover_packages(path) check parameters
[0.319s] Level 1:colcon.colcon_core.package_discovery:discover_packages(colcon_meta) discover
[0.320s] Level 1:colcon.colcon_core.package_discovery:discover_packages(recursive) discover
[0.320s] INFO:colcon.colcon_core.package_discovery:Crawling recursively for packages in '/home/ubuntu/robot_ws'
[0.320s] Level 1:colcon.colcon_core.package_identification:_identify(.) by extensions ['ignore', 'ignore_ament_install']
[0.320s] Level 1:colcon.colcon_core.package_identification:_identify(.) by extension 'ignore'
[0.320s] Level 1:colcon.colcon_core.package_identification:_identify(.) by extension 'ignore_ament_install'
[0.320s] Level 1:colcon.colcon_core.package_identification:_identify(.) by extensions ['colcon_pkg']
[0.320s] Level 1:colcon.colcon_core.package_identification:_identify(.) by extension 'colcon_pkg'
[0.320s] Level 1:colcon.colcon_core.package_identification:_identify(.) by extensions ['colcon_meta']
[0.320s] Level 1:colcon.colcon_core.package_identification:_identify(.) by extension 'colcon_meta'
[0.321s] Level 1:colcon.colcon_core.package_identification:_identify(.) by extensions ['ros']
[0.321s] Level 1:colcon.colcon_core.package_identification:_identify(.) by extension 'ros'
[0.344s] Level 1:colcon.colcon_core.package_identification:_identify(.) by extensions ['cmake', 'python']
[0.344s] Level 1:colcon.colcon_core.package_identification:_identify(.) by extension 'cmake'
[0.344s] Level 1:colcon.colcon_core.package_identification:_identify(.) by extension 'python'
[0.344s] Level 1:colcon.colcon_core.package_identification:_identify(.) by extensions ['python_setup_py']
[0.344s] Level 1:colcon.colcon_core.package_identification:_identify(.) by extension 'python_setup_py'
[0.344s] Level 1:colcon.colcon_core.package_identification:_identify(build) by extensions ['ignore', 'ignore_ament_install']
[0.344s] Level 1:colcon.colcon_core.package_identification:_identify(build) by extension 'ignore'
[0.345s] Level 1:colcon.colcon_core.package_identification:_identify(build) ignored
[0.345s] Level 1:colcon.colcon_core.package_identification:_identify(install) by extensions ['ignore', 'ignore_ament_install']
[0.345s] Level 1:colcon.colcon_core.package_identification:_identify(install) by extension 'ignore'
[0.345s] Level 1:colcon.colcon_core.package_identification:_identify(install) ignored
[0.345s] Level 1:colcon.colcon_core.package_identification:_identify(log) by extensions ['ignore', 'ignore_ament_install']
[0.345s] Level 1:colcon.colcon_core.package_identification:_identify(log) by extension 'ignore'
[0.346s] Level 1:colcon.colcon_core.package_identification:_identify(log) ignored
[0.346s] Level 1:colcon.colcon_core.package_identification:_identify(opencv_test) by extensions ['ignore', 'ignore_ament_install']
[0.346s] Level 1:colcon.colcon_core.package_identification:_identify(opencv_test) by extension 'ignore'
[0.346s] Level 1:colcon.colcon_core.package_identification:_identify(opencv_test) by extension 'ignore_ament_install'
[0.346s] Level 1:colcon.colcon_core.package_identification:_identify(opencv_test) by extensions ['colcon_pkg']
[0.346s] Level 1:colcon.colcon_core.package_identification:_identify(opencv_test) by extension 'colcon_pkg'
[0.346s] Level 1:colcon.colcon_core.package_identification:_identify(opencv_test) by extensions ['colcon_meta']
[0.346s] Level 1:colcon.colcon_core.package_identification:_identify(opencv_test) by extension 'colcon_meta'
[0.347s] Level 1:colcon.colcon_core.package_identification:_identify(opencv_test) by extensions ['ros']
[0.347s] Level 1:colcon.colcon_core.package_identification:_identify(opencv_test) by extension 'ros'
[0.347s] Level 1:colcon.colcon_core.package_identification:_identify(opencv_test) by extensions ['cmake', 'python']
[0.347s] Level 1:colcon.colcon_core.package_identification:_identify(opencv_test) by extension 'cmake'
[0.347s] Level 1:colcon.colcon_core.package_identification:_identify(opencv_test) by extension 'python'
[0.347s] Level 1:colcon.colcon_core.package_identification:_identify(opencv_test) by extensions ['python_setup_py']
[0.347s] Level 1:colcon.colcon_core.package_identification:_identify(opencv_test) by extension 'python_setup_py'
[0.348s] Level 1:colcon.colcon_core.package_identification:_identify(opencv_test/image) by extensions ['ignore', 'ignore_ament_install']
[0.348s] Level 1:colcon.colcon_core.package_identification:_identify(opencv_test/image) by extension 'ignore'
[0.349s] Level 1:colcon.colcon_core.package_identification:_identify(opencv_test/image) by extension 'ignore_ament_install'
[0.349s] Level 1:colcon.colcon_core.package_identification:_identify(opencv_test/image) by extensions ['colcon_pkg']
[0.349s] Level 1:colcon.colcon_core.package_identification:_identify(opencv_test/image) by extension 'colcon_pkg'
[0.350s] Level 1:colcon.colcon_core.package_identification:_identify(opencv_test/image) by extensions ['colcon_meta']
[0.350s] Level 1:colcon.colcon_core.package_identification:_identify(opencv_test/image) by extension 'colcon_meta'
[0.350s] Level 1:colcon.colcon_core.package_identification:_identify(opencv_test/image) by extensions ['ros']
[0.350s] Level 1:colcon.colcon_core.package_identification:_identify(opencv_test/image) by extension 'ros'
[0.350s] Level 1:colcon.colcon_core.package_identification:_identify(opencv_test/image) by extensions ['cmake', 'python']
[0.350s] Level 1:colcon.colcon_core.package_identification:_identify(opencv_test/image) by extension 'cmake'
[0.350s] Level 1:colcon.colcon_core.package_identification:_identify(opencv_test/image) by extension 'python'
[0.350s] Level 1:colcon.colcon_core.package_identification:_identify(opencv_test/image) by extensions ['python_setup_py']
[0.351s] Level 1:colcon.colcon_core.package_identification:_identify(opencv_test/image) by extension 'python_setup_py'
[0.351s] Level 1:colcon.colcon_core.package_identification:_identify(src) by extensions ['ignore', 'ignore_ament_install']
[0.351s] Level 1:colcon.colcon_core.package_identification:_identify(src) by extension 'ignore'
[0.351s] Level 1:colcon.colcon_core.package_identification:_identify(src) by extension 'ignore_ament_install'
[0.352s] Level 1:colcon.colcon_core.package_identification:_identify(src) by extensions ['colcon_pkg']
[0.352s] Level 1:colcon.colcon_core.package_identification:_identify(src) by extension 'colcon_pkg'
[0.352s] Level 1:colcon.colcon_core.package_identification:_identify(src) by extensions ['colcon_meta']
[0.352s] Level 1:colcon.colcon_core.package_identification:_identify(src) by extension 'colcon_meta'
[0.352s] Level 1:colcon.colcon_core.package_identification:_identify(src) by extensions ['ros']
[0.352s] Level 1:colcon.colcon_core.package_identification:_identify(src) by extension 'ros'
[0.352s] Level 1:colcon.colcon_core.package_identification:_identify(src) by extensions ['cmake', 'python']
[0.352s] Level 1:colcon.colcon_core.package_identification:_identify(src) by extension 'cmake'
[0.352s] Level 1:colcon.colcon_core.package_identification:_identify(src) by extension 'python'
[0.353s] Level 1:colcon.colcon_core.package_identification:_identify(src) by extensions ['python_setup_py']
[0.353s] Level 1:colcon.colcon_core.package_identification:_identify(src) by extension 'python_setup_py'
[0.353s] Level 1:colcon.colcon_core.package_identification:_identify(src/m_pubsub) by extensions ['ignore', 'ignore_ament_install']
[0.353s] Level 1:colcon.colcon_core.package_identification:_identify(src/m_pubsub) by extension 'ignore'
[0.353s] Level 1:colcon.colcon_core.package_identification:_identify(src/m_pubsub) by extension 'ignore_ament_install'
[0.353s] Level 1:colcon.colcon_core.package_identification:_identify(src/m_pubsub) by extensions ['colcon_pkg']
[0.353s] Level 1:colcon.colcon_core.package_identification:_identify(src/m_pubsub) by extension 'colcon_pkg'
[0.353s] Level 1:colcon.colcon_core.package_identification:_identify(src/m_pubsub) by extensions ['colcon_meta']
[0.353s] Level 1:colcon.colcon_core.package_identification:_identify(src/m_pubsub) by extension 'colcon_meta'
[0.354s] Level 1:colcon.colcon_core.package_identification:_identify(src/m_pubsub) by extensions ['ros']
[0.354s] Level 1:colcon.colcon_core.package_identification:_identify(src/m_pubsub) by extension 'ros'
[0.357s] DEBUG:colcon.colcon_core.package_identification:Package 'src/m_pubsub' with type 'ros.ament_python' and name 'm_pubsub'
[0.357s] Level 1:colcon.colcon_core.package_identification:_identify(src/m_time) by extensions ['ignore', 'ignore_ament_install']
[0.357s] Level 1:colcon.colcon_core.package_identification:_identify(src/m_time) by extension 'ignore'
[0.357s] Level 1:colcon.colcon_core.package_identification:_identify(src/m_time) by extension 'ignore_ament_install'
[0.357s] Level 1:colcon.colcon_core.package_identification:_identify(src/m_time) by extensions ['colcon_pkg']
[0.357s] Level 1:colcon.colcon_core.package_identification:_identify(src/m_time) by extension 'colcon_pkg'
[0.358s] Level 1:colcon.colcon_core.package_identification:_identify(src/m_time) by extensions ['colcon_meta']
[0.358s] Level 1:colcon.colcon_core.package_identification:_identify(src/m_time) by extension 'colcon_meta'
[0.358s] Level 1:colcon.colcon_core.package_identification:_identify(src/m_time) by extensions ['ros']
[0.358s] Level 1:colcon.colcon_core.package_identification:_identify(src/m_time) by extension 'ros'
[0.358s] DEBUG:colcon.colcon_core.package_identification:Package 'src/m_time' with type 'ros.ament_python' and name 'm_time'
[0.359s] Level 1:colcon.colcon_core.package_identification:_identify(src/move_turtle_pkg) by extensions ['ignore', 'ignore_ament_install']
[0.359s] Level 1:colcon.colcon_core.package_identification:_identify(src/move_turtle_pkg) by extension 'ignore'
[0.359s] Level 1:colcon.colcon_core.package_identification:_identify(src/move_turtle_pkg) by extension 'ignore_ament_install'
[0.359s] Level 1:colcon.colcon_core.package_identification:_identify(src/move_turtle_pkg) by extensions ['colcon_pkg']
[0.359s] Level 1:colcon.colcon_core.package_identification:_identify(src/move_turtle_pkg) by extension 'colcon_pkg'
[0.359s] Level 1:colcon.colcon_core.package_identification:_identify(src/move_turtle_pkg) by extensions ['colcon_meta']
[0.359s] Level 1:colcon.colcon_core.package_identification:_identify(src/move_turtle_pkg) by extension 'colcon_meta'
[0.359s] Level 1:colcon.colcon_core.package_identification:_identify(src/move_turtle_pkg) by extensions ['ros']
[0.359s] Level 1:colcon.colcon_core.package_identification:_identify(src/move_turtle_pkg) by extension 'ros'
[0.360s] DEBUG:colcon.colcon_core.package_identification:Package 'src/move_turtle_pkg' with type 'ros.ament_python' and name 'move_turtle_pkg'
[0.360s] Level 1:colcon.colcon_core.package_identification:_identify(src/test_interfce) by extensions ['ignore', 'ignore_ament_install']
[0.360s] Level 1:colcon.colcon_core.package_identification:_identify(src/test_interfce) by extension 'ignore'
[0.361s] Level 1:colcon.colcon_core.package_identification:_identify(src/test_interfce) by extension 'ignore_ament_install'
[0.361s] Level 1:colcon.colcon_core.package_identification:_identify(src/test_interfce) by extensions ['colcon_pkg']
[0.361s] Level 1:colcon.colcon_core.package_identification:_identify(src/test_interfce) by extension 'colcon_pkg'
[0.361s] Level 1:colcon.colcon_core.package_identification:_identify(src/test_interfce) by extensions ['colcon_meta']
[0.361s] Level 1:colcon.colcon_core.package_identification:_identify(src/test_interfce) by extension 'colcon_meta'
[0.361s] Level 1:colcon.colcon_core.package_identification:_identify(src/test_interfce) by extensions ['ros']
[0.361s] Level 1:colcon.colcon_core.package_identification:_identify(src/test_interfce) by extension 'ros'
[0.362s] DEBUG:colcon.colcon_core.package_identification:Found ROS schema reference in package manifest in 'src/test_interfce'
[0.362s] WARNING:colcon.colcon_core.package_identification:Failed to parse ROS package manifest in 'src/test_interfce': Error(s) in package 'src/test_interfce/package.xml':
Error(s):
- The manifest of package "test_interfce" (with format version 3) must not contain the following tags: exrc_depend
[0.362s] Level 1:colcon.colcon_core.package_identification:_identify(src/test_interfce) by extensions ['cmake', 'python']
[0.363s] Level 1:colcon.colcon_core.package_identification:_identify(src/test_interfce) by extension 'cmake'
[0.364s] Level 1:colcon.colcon_core.package_identification:_identify(src/test_interfce) by extension 'python'
[0.365s] DEBUG:colcon.colcon_core.package_identification:Package 'src/test_interfce' with type 'cmake' and name 'test_interfce'
[0.365s] Level 1:colcon.colcon_core.package_discovery:discover_packages(recursive) using defaults
[0.365s] Level 1:colcon.colcon_core.package_discovery:discover_packages(ignore) discover
[0.365s] Level 1:colcon.colcon_core.package_discovery:discover_packages(ignore) using defaults
[0.365s] Level 1:colcon.colcon_core.package_discovery:discover_packages(path) discover
[0.365s] Level 1:colcon.colcon_core.package_discovery:discover_packages(path) using defaults
[0.399s] Level 1:colcon.colcon_core.package_discovery:discover_packages(prefix_path) check parameters
[0.399s] Level 1:colcon.colcon_core.package_discovery:discover_packages(prefix_path) discover
[0.406s] DEBUG:colcon.colcon_installed_package_information.package_discovery:Found 3 installed packages in /home/ubuntu/robot_ws/install
[0.408s] DEBUG:colcon.colcon_installed_package_information.package_discovery:Found 258 installed packages in /opt/ros/foxy
[0.410s] Level 1:colcon.colcon_core.package_discovery:discover_packages(prefix_path) using defaults
[0.506s] Level 5:colcon.colcon_core.verb:set package 'm_pubsub' build argument 'cmake_args' from command line to 'None'
[0.507s] Level 5:colcon.colcon_core.verb:set package 'm_pubsub' build argument 'cmake_target' from command line to 'None'
[0.507s] Level 5:colcon.colcon_core.verb:set package 'm_pubsub' build argument 'cmake_target_skip_unavailable' from command line to 'False'
[0.507s] Level 5:colcon.colcon_core.verb:set package 'm_pubsub' build argument 'cmake_clean_cache' from command line to 'False'
[0.507s] Level 5:colcon.colcon_core.verb:set package 'm_pubsub' build argument 'cmake_clean_first' from command line to 'False'
[0.507s] Level 5:colcon.colcon_core.verb:set package 'm_pubsub' build argument 'cmake_force_configure' from command line to 'False'
[0.507s] Level 5:colcon.colcon_core.verb:set package 'm_pubsub' build argument 'ament_cmake_args' from command line to 'None'
[0.507s] Level 5:colcon.colcon_core.verb:set package 'm_pubsub' build argument 'catkin_cmake_args' from command line to 'None'
[0.507s] Level 5:colcon.colcon_core.verb:set package 'm_pubsub' build argument 'catkin_skip_building_tests' from command line to 'False'
[0.507s] DEBUG:colcon.colcon_core.verb:Building package 'm_pubsub' with the following arguments: {'ament_cmake_args': None, 'build_base': '/home/ubuntu/robot_ws/build/m_pubsub', 'catkin_cmake_args': None, 'catkin_skip_building_tests': False, 'cmake_args': None, 'cmake_clean_cache': False, 'cmake_clean_first': False, 'cmake_force_configure': False, 'cmake_target': None, 'cmake_target_skip_unavailable': False, 'install_base': '/home/ubuntu/robot_ws/install/m_pubsub', 'merge_install': False, 'path': '/home/ubuntu/robot_ws/src/m_pubsub', 'symlink_install': True, 'test_result_base': None}
[0.509s] Level 5:colcon.colcon_core.verb:set package 'm_time' build argument 'cmake_args' from command line to 'None'
[0.510s] Level 5:colcon.colcon_core.verb:set package 'm_time' build argument 'cmake_target' from command line to 'None'
[0.510s] Level 5:colcon.colcon_core.verb:set package 'm_time' build argument 'cmake_target_skip_unavailable' from command line to 'False'
[0.510s] Level 5:colcon.colcon_core.verb:set package 'm_time' build argument 'cmake_clean_cache' from command line to 'False'
[0.510s] Level 5:colcon.colcon_core.verb:set package 'm_time' build argument 'cmake_clean_first' from command line to 'False'
[0.510s] Level 5:colcon.colcon_core.verb:set package 'm_time' build argument 'cmake_force_configure' from command line to 'False'
[0.510s] Level 5:colcon.colcon_core.verb:set package 'm_time' build argument 'ament_cmake_args' from command line to 'None'
[0.510s] Level 5:colcon.colcon_core.verb:set package 'm_time' build argument 'catkin_cmake_args' from command line to 'None'
[0.510s] Level 5:colcon.colcon_core.verb:set package 'm_time' build argument 'catkin_skip_building_tests' from command line to 'False'
[0.510s] DEBUG:colcon.colcon_core.verb:Building package 'm_time' with the following arguments: {'ament_cmake_args': None, 'build_base': '/home/ubuntu/robot_ws/build/m_time', 'catkin_cmake_args': None, 'catkin_skip_building_tests': False, 'cmake_args': None, 'cmake_clean_cache': False, 'cmake_clean_first': False, 'cmake_force_configure': False, 'cmake_target': None, 'cmake_target_skip_unavailable': False, 'install_base': '/home/ubuntu/robot_ws/install/m_time', 'merge_install': False, 'path': '/home/ubuntu/robot_ws/src/m_time', 'symlink_install': True, 'test_result_base': None}
[0.512s] Level 5:colcon.colcon_core.verb:set package 'move_turtle_pkg' build argument 'cmake_args' from command line to 'None'
[0.512s] Level 5:colcon.colcon_core.verb:set package 'move_turtle_pkg' build argument 'cmake_target' from command line to 'None'
[0.512s] Level 5:colcon.colcon_core.verb:set package 'move_turtle_pkg' build argument 'cmake_target_skip_unavailable' from command line to 'False'
[0.513s] Level 5:colcon.colcon_core.verb:set package 'move_turtle_pkg' build argument 'cmake_clean_cache' from command line to 'False'
[0.513s] Level 5:colcon.colcon_core.verb:set package 'move_turtle_pkg' build argument 'cmake_clean_first' from command line to 'False'
[0.513s] Level 5:colcon.colcon_core.verb:set package 'move_turtle_pkg' build argument 'cmake_force_configure' from command line to 'False'
[0.513s] Level 5:colcon.colcon_core.verb:set package 'move_turtle_pkg' build argument 'ament_cmake_args' from command line to 'None'
[0.513s] Level 5:colcon.colcon_core.verb:set package 'move_turtle_pkg' build argument 'catkin_cmake_args' from command line to 'None'
[0.513s] Level 5:colcon.colcon_core.verb:set package 'move_turtle_pkg' build argument 'catkin_skip_building_tests' from command line to 'False'
[0.513s] DEBUG:colcon.colcon_core.verb:Building package 'move_turtle_pkg' with the following arguments: {'ament_cmake_args': None, 'build_base': '/home/ubuntu/robot_ws/build/move_turtle_pkg', 'catkin_cmake_args': None, 'catkin_skip_building_tests': False, 'cmake_args': None, 'cmake_clean_cache': False, 'cmake_clean_first': False, 'cmake_force_configure': False, 'cmake_target': None, 'cmake_target_skip_unavailable': False, 'install_base': '/home/ubuntu/robot_ws/install/move_turtle_pkg', 'merge_install': False, 'path': '/home/ubuntu/robot_ws/src/move_turtle_pkg', 'symlink_install': True, 'test_result_base': None}
[0.515s] Level 5:colcon.colcon_core.verb:set package 'test_interfce' build argument 'cmake_args' from command line to 'None'
[0.515s] Level 5:colcon.colcon_core.verb:set package 'test_interfce' build argument 'cmake_target' from command line to 'None'
[0.515s] Level 5:colcon.colcon_core.verb:set package 'test_interfce' build argument 'cmake_target_skip_unavailable' from command line to 'False'
[0.515s] Level 5:colcon.colcon_core.verb:set package 'test_interfce' build argument 'cmake_clean_cache' from command line to 'False'
[0.515s] Level 5:colcon.colcon_core.verb:set package 'test_interfce' build argument 'cmake_clean_first' from command line to 'False'
[0.516s] Level 5:colcon.colcon_core.verb:set package 'test_interfce' build argument 'cmake_force_configure' from command line to 'False'
[0.516s] Level 5:colcon.colcon_core.verb:set package 'test_interfce' build argument 'ament_cmake_args' from command line to 'None'
[0.516s] Level 5:colcon.colcon_core.verb:set package 'test_interfce' build argument 'catkin_cmake_args' from command line to 'None'
[0.516s] Level 5:colcon.colcon_core.verb:set package 'test_interfce' build argument 'catkin_skip_building_tests' from command line to 'False'
[0.516s] DEBUG:colcon.colcon_core.verb:Building package 'test_interfce' with the following arguments: {'ament_cmake_args': None, 'build_base': '/home/ubuntu/robot_ws/build/test_interfce', 'catkin_cmake_args': None, 'catkin_skip_building_tests': False, 'cmake_args': None, 'cmake_clean_cache': False, 'cmake_clean_first': False, 'cmake_force_configure': False, 'cmake_target': None, 'cmake_target_skip_unavailable': False, 'install_base': '/home/ubuntu/robot_ws/install/test_interfce', 'merge_install': False, 'path': '/home/ubuntu/robot_ws/src/test_interfce', 'symlink_install': True, 'test_result_base': None}
[0.518s] INFO:colcon.colcon_core.executor:Executing jobs using 'parallel' executor
[0.530s] DEBUG:colcon.colcon_parallel_executor.executor.parallel:run_until_complete
[0.530s] INFO:colcon.colcon_ros.task.ament_python.build:Building ROS package in '/home/ubuntu/robot_ws/src/m_pubsub' with build type 'ament_python'
[0.530s] Level 1:colcon.colcon_core.shell:create_environment_hook('m_pubsub', 'ament_prefix_path')
[0.542s] INFO:colcon.colcon_core.plugin_system:Skipping extension 'colcon_core.shell.bat': Not used on non-Windows systems
[0.542s] INFO:colcon.colcon_core.shell:Creating environment hook '/home/ubuntu/robot_ws/install/m_pubsub/share/m_pubsub/hook/ament_prefix_path.ps1'
[0.543s] INFO:colcon.colcon_core.shell:Creating environment descriptor '/home/ubuntu/robot_ws/install/m_pubsub/share/m_pubsub/hook/ament_prefix_path.dsv'
[0.544s] INFO:colcon.colcon_core.shell:Creating environment hook '/home/ubuntu/robot_ws/install/m_pubsub/share/m_pubsub/hook/ament_prefix_path.sh'
[0.550s] INFO:colcon.colcon_core.shell:Skip shell extension 'powershell' for command environment: Not usable outside of PowerShell
[0.550s] DEBUG:colcon.colcon_core.shell:Skip shell extension 'dsv' for command environment
[0.561s] INFO:colcon.colcon_ros.task.ament_python.build:Building ROS package in '/home/ubuntu/robot_ws/src/m_time' with build type 'ament_python'
[0.561s] Level 1:colcon.colcon_core.shell:create_environment_hook('m_time', 'ament_prefix_path')
[0.566s] INFO:colcon.colcon_core.shell:Creating environment hook '/home/ubuntu/robot_ws/install/m_time/share/m_time/hook/ament_prefix_path.ps1'
[0.568s] INFO:colcon.colcon_core.shell:Creating environment descriptor '/home/ubuntu/robot_ws/install/m_time/share/m_time/hook/ament_prefix_path.dsv'
[0.568s] INFO:colcon.colcon_core.shell:Creating environment hook '/home/ubuntu/robot_ws/install/m_time/share/m_time/hook/ament_prefix_path.sh'
[0.572s] INFO:colcon.colcon_core.shell:Skip shell extension 'powershell' for command environment: Not usable outside of PowerShell
[0.573s] DEBUG:colcon.colcon_core.shell:Skip shell extension 'dsv' for command environment
[0.913s] INFO:colcon.colcon_core.task.python.build:Building Python package in '/home/ubuntu/robot_ws/src/m_pubsub'
[0.917s] INFO:colcon.colcon_core.shell:Skip shell extension 'powershell' for command environment: Not usable outside of PowerShell
[0.917s] DEBUG:colcon.colcon_core.shell:Skip shell extension 'dsv' for command environment
[1.269s] INFO:colcon.colcon_core.task.python.build:Building Python package in '/home/ubuntu/robot_ws/src/m_time'
[1.274s] INFO:colcon.colcon_core.shell:Skip shell extension 'powershell' for command environment: Not usable outside of PowerShell
[1.274s] DEBUG:colcon.colcon_core.shell:Skip shell extension 'dsv' for command environment
[1.914s] DEBUG:colcon.colcon_core.event_handler.log_command:Invoking command in '/home/ubuntu/robot_ws/build/m_pubsub': PYTHONPATH=/home/ubuntu/robot_ws/build/m_pubsub/prefix_override:/home/ubuntu/robot_ws/install/m_pubsub/lib/python3.8/site-packages:${PYTHONPATH} /usr/bin/python3 setup.py develop --editable --build-directory /home/ubuntu/robot_ws/build/m_pubsub/build --no-deps install_data
[1.927s] DEBUG:colcon.colcon_core.event_handler.log_command:Invoking command in '/home/ubuntu/robot_ws/build/m_time': PYTHONPATH=/home/ubuntu/robot_ws/build/m_time/prefix_override:/home/ubuntu/robot_ws/install/m_time/lib/python3.8/site-packages:${PYTHONPATH} /usr/bin/python3 setup.py develop --editable --build-directory /home/ubuntu/robot_ws/build/m_time/build --no-deps install_data
[2.627s] Level 1:colcon.colcon_core.shell:create_environment_hook('m_pubsub', 'pythonpath_develop')
[2.628s] DEBUG:colcon.colcon_core.event_handler.log_command:Invoked command in '/home/ubuntu/robot_ws/build/m_pubsub' returned '0': PYTHONPATH=/home/ubuntu/robot_ws/build/m_pubsub/prefix_override:/home/ubuntu/robot_ws/install/m_pubsub/lib/python3.8/site-packages:${PYTHONPATH} /usr/bin/python3 setup.py develop --editable --build-directory /home/ubuntu/robot_ws/build/m_pubsub/build --no-deps install_data
[2.632s] INFO:colcon.colcon_core.shell:Creating environment hook '/home/ubuntu/robot_ws/build/m_pubsub/share/m_pubsub/hook/pythonpath_develop.ps1'
[2.633s] INFO:colcon.colcon_core.shell:Creating environment descriptor '/home/ubuntu/robot_ws/build/m_pubsub/share/m_pubsub/hook/pythonpath_develop.dsv'
[2.634s] INFO:colcon.colcon_core.shell:Creating environment hook '/home/ubuntu/robot_ws/build/m_pubsub/share/m_pubsub/hook/pythonpath_develop.sh'
[2.648s] Level 1:colcon.colcon_core.environment:checking '/home/ubuntu/robot_ws/install/m_pubsub' for CMake module files
[2.648s] Level 1:colcon.colcon_core.environment:checking '/home/ubuntu/robot_ws/install/m_pubsub' for CMake config files
[2.649s] Level 1:colcon.colcon_core.environment:checking '/home/ubuntu/robot_ws/install/m_pubsub/lib'
[2.650s] Level 1:colcon.colcon_core.environment:checking '/home/ubuntu/robot_ws/install/m_pubsub/bin'
[2.650s] Level 1:colcon.colcon_core.environment:checking '/home/ubuntu/robot_ws/install/m_pubsub/lib/pkgconfig/m_pubsub.pc'
[2.650s] Level 1:colcon.colcon_core.environment:checking '/home/ubuntu/robot_ws/install/m_pubsub/lib/python3.8/site-packages'
[2.650s] Level 1:colcon.colcon_core.shell:create_environment_hook('m_pubsub', 'pythonpath')
[2.654s] INFO:colcon.colcon_core.shell:Creating environment hook '/home/ubuntu/robot_ws/install/m_pubsub/share/m_pubsub/hook/pythonpath.ps1'
[2.655s] INFO:colcon.colcon_core.shell:Creating environment descriptor '/home/ubuntu/robot_ws/install/m_pubsub/share/m_pubsub/hook/pythonpath.dsv'
[2.655s] INFO:colcon.colcon_core.shell:Creating environment hook '/home/ubuntu/robot_ws/install/m_pubsub/share/m_pubsub/hook/pythonpath.sh'
[2.656s] Level 1:colcon.colcon_core.environment:checking '/home/ubuntu/robot_ws/install/m_pubsub/bin'
[2.656s] Level 1:colcon.colcon_core.environment:create_environment_scripts_only(m_pubsub)
[2.660s] INFO:colcon.colcon_core.shell:Creating package script '/home/ubuntu/robot_ws/install/m_pubsub/share/m_pubsub/package.ps1'
[2.662s] INFO:colcon.colcon_core.shell:Creating package descriptor '/home/ubuntu/robot_ws/install/m_pubsub/share/m_pubsub/package.dsv'
[2.663s] INFO:colcon.colcon_core.shell:Creating package script '/home/ubuntu/robot_ws/install/m_pubsub/share/m_pubsub/package.sh'
[2.665s] INFO:colcon.colcon_core.shell:Creating package script '/home/ubuntu/robot_ws/install/m_pubsub/share/m_pubsub/package.bash'
[2.666s] INFO:colcon.colcon_core.shell:Creating package script '/home/ubuntu/robot_ws/install/m_pubsub/share/m_pubsub/package.zsh'
[2.669s] Level 1:colcon.colcon_core.environment:create_file_with_runtime_dependencies(/home/ubuntu/robot_ws/install/m_pubsub/share/colcon-core/packages/m_pubsub)
[2.671s] INFO:colcon.colcon_ros.task.ament_python.build:Building ROS package in '/home/ubuntu/robot_ws/src/move_turtle_pkg' with build type 'ament_python'
[2.671s] Level 1:colcon.colcon_core.shell:create_environment_hook('move_turtle_pkg', 'ament_prefix_path')
[2.675s] INFO:colcon.colcon_core.shell:Creating environment hook '/home/ubuntu/robot_ws/install/move_turtle_pkg/share/move_turtle_pkg/hook/ament_prefix_path.ps1'
[2.675s] INFO:colcon.colcon_core.shell:Creating environment descriptor '/home/ubuntu/robot_ws/install/move_turtle_pkg/share/move_turtle_pkg/hook/ament_prefix_path.dsv'
[2.676s] INFO:colcon.colcon_core.shell:Creating environment hook '/home/ubuntu/robot_ws/install/move_turtle_pkg/share/move_turtle_pkg/hook/ament_prefix_path.sh'
[2.680s] INFO:colcon.colcon_core.shell:Skip shell extension 'powershell' for command environment: Not usable outside of PowerShell
[2.680s] DEBUG:colcon.colcon_core.shell:Skip shell extension 'dsv' for command environment
[2.690s] Level 1:colcon.colcon_core.shell:create_environment_hook('m_time', 'pythonpath_develop')
[2.691s] DEBUG:colcon.colcon_core.event_handler.log_command:Invoked command in '/home/ubuntu/robot_ws/build/m_time' returned '0': PYTHONPATH=/home/ubuntu/robot_ws/build/m_time/prefix_override:/home/ubuntu/robot_ws/install/m_time/lib/python3.8/site-packages:${PYTHONPATH} /usr/bin/python3 setup.py develop --editable --build-directory /home/ubuntu/robot_ws/build/m_time/build --no-deps install_data
[2.695s] INFO:colcon.colcon_core.shell:Creating environment hook '/home/ubuntu/robot_ws/build/m_time/share/m_time/hook/pythonpath_develop.ps1'
[2.696s] INFO:colcon.colcon_core.shell:Creating environment descriptor '/home/ubuntu/robot_ws/build/m_time/share/m_time/hook/pythonpath_develop.dsv'
[2.696s] INFO:colcon.colcon_core.shell:Creating environment hook '/home/ubuntu/robot_ws/build/m_time/share/m_time/hook/pythonpath_develop.sh'
[2.706s] Level 1:colcon.colcon_core.environment:checking '/home/ubuntu/robot_ws/install/m_time' for CMake module files
[2.707s] Level 1:colcon.colcon_core.environment:checking '/home/ubuntu/robot_ws/install/m_time' for CMake config files
[2.707s] Level 1:colcon.colcon_core.environment:checking '/home/ubuntu/robot_ws/install/m_time/lib'
[2.707s] Level 1:colcon.colcon_core.environment:checking '/home/ubuntu/robot_ws/install/m_time/bin'
[2.708s] Level 1:colcon.colcon_core.environment:checking '/home/ubuntu/robot_ws/install/m_time/lib/pkgconfig/m_time.pc'
[2.708s] Level 1:colcon.colcon_core.environment:checking '/home/ubuntu/robot_ws/install/m_time/lib/python3.8/site-packages'
[2.708s] Level 1:colcon.colcon_core.shell:create_environment_hook('m_time', 'pythonpath')
[2.712s] INFO:colcon.colcon_core.shell:Creating environment hook '/home/ubuntu/robot_ws/install/m_time/share/m_time/hook/pythonpath.ps1'
[2.713s] INFO:colcon.colcon_core.shell:Creating environment descriptor '/home/ubuntu/robot_ws/install/m_time/share/m_time/hook/pythonpath.dsv'
[2.713s] INFO:colcon.colcon_core.shell:Creating environment hook '/home/ubuntu/robot_ws/install/m_time/share/m_time/hook/pythonpath.sh'
[2.714s] Level 1:colcon.colcon_core.environment:checking '/home/ubuntu/robot_ws/install/m_time/bin'
[2.714s] Level 1:colcon.colcon_core.environment:create_environment_scripts_only(m_time)
[2.718s] INFO:colcon.colcon_core.shell:Creating package script '/home/ubuntu/robot_ws/install/m_time/share/m_time/package.ps1'
[2.719s] INFO:colcon.colcon_core.shell:Creating package descriptor '/home/ubuntu/robot_ws/install/m_time/share/m_time/package.dsv'
[2.720s] INFO:colcon.colcon_core.shell:Creating package script '/home/ubuntu/robot_ws/install/m_time/share/m_time/package.sh'
[2.721s] INFO:colcon.colcon_core.shell:Creating package script '/home/ubuntu/robot_ws/install/m_time/share/m_time/package.bash'
[2.721s] INFO:colcon.colcon_core.shell:Creating package script '/home/ubuntu/robot_ws/install/m_time/share/m_time/package.zsh'
[2.722s] Level 1:colcon.colcon_core.environment:create_file_with_runtime_dependencies(/home/ubuntu/robot_ws/install/m_time/share/colcon-core/packages/m_time)
[2.724s] INFO:colcon.colcon_cmake.task.cmake.build:Building CMake package in '/home/ubuntu/robot_ws/src/test_interfce'
[2.727s] INFO:colcon.colcon_core.shell:Skip shell extension 'powershell' for command environment: Not usable outside of PowerShell
[2.727s] DEBUG:colcon.colcon_core.shell:Skip shell extension 'dsv' for command environment
[3.084s] INFO:colcon.colcon_core.task.python.build:Building Python package in '/home/ubuntu/robot_ws/src/move_turtle_pkg'
[3.089s] INFO:colcon.colcon_core.shell:Skip shell extension 'powershell' for command environment: Not usable outside of PowerShell
[3.089s] DEBUG:colcon.colcon_core.shell:Skip shell extension 'dsv' for command environment
[3.105s] DEBUG:colcon.colcon_core.event_handler.log_command:Invoking command in '/home/ubuntu/robot_ws/build/test_interfce': /usr/bin/cmake /home/ubuntu/robot_ws/src/test_interfce -DCMAKE_INSTALL_PREFIX=/home/ubuntu/robot_ws/install/test_interfce
[3.778s] DEBUG:colcon.colcon_core.event_handler.log_command:Invoking command in '/home/ubuntu/robot_ws/build/move_turtle_pkg': PYTHONPATH=/home/ubuntu/robot_ws/build/move_turtle_pkg/prefix_override:/home/ubuntu/robot_ws/install/move_turtle_pkg/lib/python3.8/site-packages:${PYTHONPATH} /usr/bin/python3 setup.py develop --editable --build-directory /home/ubuntu/robot_ws/build/move_turtle_pkg/build --no-deps install_data
[4.419s] DEBUG:colcon.colcon_core.event_handler.log_command:Invoked command in '/home/ubuntu/robot_ws/build/test_interfce' returned '1': /usr/bin/cmake /home/ubuntu/robot_ws/src/test_interfce -DCMAKE_INSTALL_PREFIX=/home/ubuntu/robot_ws/install/test_interfce
[4.454s] DEBUG:colcon.colcon_parallel_executor.executor.parallel:closing loop
[4.454s] DEBUG:colcon.colcon_parallel_executor.executor.parallel:loop closed
[4.455s] DEBUG:colcon.colcon_parallel_executor.executor.parallel:run_until_complete finished with '1'
[4.455s] DEBUG:colcon.colcon_core.event_reactor:joining thread
[4.468s] INFO:colcon.colcon_core.plugin_system:Skipping extension 'colcon_notification.desktop_notification.terminal_notifier': Not used on non-Darwin systems
[4.468s] INFO:colcon.colcon_core.plugin_system:Skipping extension 'colcon_notification.desktop_notification.win32': Not used on non-Windows systems
[4.468s] INFO:colcon.colcon_notification.desktop_notification:Sending desktop notification using 'notify2'
[4.499s] DEBUG:colcon.colcon_core.event_reactor:joined thread
[4.503s] INFO:colcon.colcon_core.shell:Creating prefix script '/home/ubuntu/robot_ws/install/local_setup.ps1'
[4.505s] INFO:colcon.colcon_core.shell:Creating prefix util module '/home/ubuntu/robot_ws/install/_local_setup_util_ps1.py'
[4.507s] INFO:colcon.colcon_core.shell:Creating prefix chain script '/home/ubuntu/robot_ws/install/setup.ps1'
[4.510s] INFO:colcon.colcon_core.shell:Creating prefix script '/home/ubuntu/robot_ws/install/local_setup.sh'
[4.511s] INFO:colcon.colcon_core.shell:Creating prefix util module '/home/ubuntu/robot_ws/install/_local_setup_util_sh.py'
[4.512s] INFO:colcon.colcon_core.shell:Creating prefix chain script '/home/ubuntu/robot_ws/install/setup.sh'
[4.515s] INFO:colcon.colcon_core.shell:Creating prefix script '/home/ubuntu/robot_ws/install/local_setup.bash'
[4.516s] INFO:colcon.colcon_core.shell:Creating prefix chain script '/home/ubuntu/robot_ws/install/setup.bash'
[4.518s] INFO:colcon.colcon_core.shell:Creating prefix script '/home/ubuntu/robot_ws/install/local_setup.zsh'
[4.519s] INFO:colcon.colcon_core.shell:Creating prefix chain script '/home/ubuntu/robot_ws/install/setup.zsh'
