[0.229s] DEBUG:colcon:Command line arguments: ['/usr/bin/colcon', 'build', '--symlink-install']
[0.229s] DEBUG:colcon:Parsed command line arguments: Namespace(allow_overriding=[], ament_cmake_args=None, base_paths=['.'], build_base='build', catkin_cmake_args=None, catkin_skip_building_tests=False, cmake_args=None, cmake_clean_cache=False, cmake_clean_first=False, cmake_force_configure=False, cmake_target=None, cmake_target_skip_unavailable=False, continue_on_error=False, event_handlers=None, executor='parallel', ignore_user_meta=False, install_base='install', log_base=None, log_level=None, main=<bound method BuildVerb.main of <colcon_core.verb.build.BuildVerb object at 0x7f8ca4a3c790>>, merge_install=False, metas=['./colcon.meta'], packages_above=None, packages_above_and_dependencies=None, packages_above_depth=None, packages_end=None, packages_ignore=None, packages_ignore_regex=None, packages_select=None, packages_select_build_failed=False, packages_select_by_dep=None, packages_select_regex=None, packages_select_test_failures=False, packages_skip=None, packages_skip_build_finished=False, packages_skip_by_dep=None, packages_skip_regex=None, packages_skip_test_passed=False, packages_skip_up_to=None, packages_start=None, packages_up_to=None, packages_up_to_regex=None, parallel_workers=2, paths=None, symlink_install=True, test_result_base=None, verb_extension=<colcon_core.verb.build.BuildVerb object at 0x7f8ca4a3c790>, verb_name='build', verb_parser=<colcon_defaults.argument_parser.defaults.DefaultArgumentsDecorator object at 0x7f8ca4a3cd00>)
[0.263s] Level 1:colcon.colcon_core.package_discovery:discover_packages(colcon_meta) check parameters
[0.263s] Level 1:colcon.colcon_core.package_discovery:discover_packages(recursive) check parameters
[0.263s] Level 1:colcon.colcon_core.package_discovery:discover_packages(ignore) check parameters
[0.263s] Level 1:colcon.colcon_core.package_discovery:discover_packages(path) check parameters
[0.263s] Level 1:colcon.colcon_core.package_discovery:discover_packages(colcon_meta) discover
[0.263s] Level 1:colcon.colcon_core.package_discovery:discover_packages(recursive) discover
[0.263s] INFO:colcon.colcon_core.package_discovery:Crawling recursively for packages in '/home/ubuntu/robot_ws'
[0.264s] Level 1:colcon.colcon_core.package_identification:_identify(.) by extensions ['ignore', 'ignore_ament_install']
[0.264s] Level 1:colcon.colcon_core.package_identification:_identify(.) by extension 'ignore'
[0.264s] Level 1:colcon.colcon_core.package_identification:_identify(.) by extension 'ignore_ament_install'
[0.264s] Level 1:colcon.colcon_core.package_identification:_identify(.) by extensions ['colcon_pkg']
[0.264s] Level 1:colcon.colcon_core.package_identification:_identify(.) by extension 'colcon_pkg'
[0.264s] Level 1:colcon.colcon_core.package_identification:_identify(.) by extensions ['colcon_meta']
[0.264s] Level 1:colcon.colcon_core.package_identification:_identify(.) by extension 'colcon_meta'
[0.264s] Level 1:colcon.colcon_core.package_identification:_identify(.) by extensions ['ros']
[0.264s] Level 1:colcon.colcon_core.package_identification:_identify(.) by extension 'ros'
[0.286s] Level 1:colcon.colcon_core.package_identification:_identify(.) by extensions ['cmake', 'python']
[0.286s] Level 1:colcon.colcon_core.package_identification:_identify(.) by extension 'cmake'
[0.286s] Level 1:colcon.colcon_core.package_identification:_identify(.) by extension 'python'
[0.286s] Level 1:colcon.colcon_core.package_identification:_identify(.) by extensions ['python_setup_py']
[0.286s] Level 1:colcon.colcon_core.package_identification:_identify(.) by extension 'python_setup_py'
[0.287s] Level 1:colcon.colcon_core.package_identification:_identify(build) by extensions ['ignore', 'ignore_ament_install']
[0.287s] Level 1:colcon.colcon_core.package_identification:_identify(build) by extension 'ignore'
[0.287s] Level 1:colcon.colcon_core.package_identification:_identify(build) ignored
[0.287s] Level 1:colcon.colcon_core.package_identification:_identify(install) by extensions ['ignore', 'ignore_ament_install']
[0.287s] Level 1:colcon.colcon_core.package_identification:_identify(install) by extension 'ignore'
[0.287s] Level 1:colcon.colcon_core.package_identification:_identify(install) ignored
[0.288s] Level 1:colcon.colcon_core.package_identification:_identify(log) by extensions ['ignore', 'ignore_ament_install']
[0.288s] Level 1:colcon.colcon_core.package_identification:_identify(log) by extension 'ignore'
[0.288s] Level 1:colcon.colcon_core.package_identification:_identify(log) ignored
[0.288s] Level 1:colcon.colcon_core.package_identification:_identify(opencv_test) by extensions ['ignore', 'ignore_ament_install']
[0.288s] Level 1:colcon.colcon_core.package_identification:_identify(opencv_test) by extension 'ignore'
[0.288s] Level 1:colcon.colcon_core.package_identification:_identify(opencv_test) by extension 'ignore_ament_install'
[0.288s] Level 1:colcon.colcon_core.package_identification:_identify(opencv_test) by extensions ['colcon_pkg']
[0.288s] Level 1:colcon.colcon_core.package_identification:_identify(opencv_test) by extension 'colcon_pkg'
[0.288s] Level 1:colcon.colcon_core.package_identification:_identify(opencv_test) by extensions ['colcon_meta']
[0.289s] Level 1:colcon.colcon_core.package_identification:_identify(opencv_test) by extension 'colcon_meta'
[0.289s] Level 1:colcon.colcon_core.package_identification:_identify(opencv_test) by extensions ['ros']
[0.289s] Level 1:colcon.colcon_core.package_identification:_identify(opencv_test) by extension 'ros'
[0.289s] Level 1:colcon.colcon_core.package_identification:_identify(opencv_test) by extensions ['cmake', 'python']
[0.289s] Level 1:colcon.colcon_core.package_identification:_identify(opencv_test) by extension 'cmake'
[0.289s] Level 1:colcon.colcon_core.package_identification:_identify(opencv_test) by extension 'python'
[0.289s] Level 1:colcon.colcon_core.package_identification:_identify(opencv_test) by extensions ['python_setup_py']
[0.289s] Level 1:colcon.colcon_core.package_identification:_identify(opencv_test) by extension 'python_setup_py'
[0.289s] Level 1:colcon.colcon_core.package_identification:_identify(opencv_test/image) by extensions ['ignore', 'ignore_ament_install']
[0.290s] Level 1:colcon.colcon_core.package_identification:_identify(opencv_test/image) by extension 'ignore'
[0.290s] Level 1:colcon.colcon_core.package_identification:_identify(opencv_test/image) by extension 'ignore_ament_install'
[0.290s] Level 1:colcon.colcon_core.package_identification:_identify(opencv_test/image) by extensions ['colcon_pkg']
[0.290s] Level 1:colcon.colcon_core.package_identification:_identify(opencv_test/image) by extension 'colcon_pkg'
[0.290s] Level 1:colcon.colcon_core.package_identification:_identify(opencv_test/image) by extensions ['colcon_meta']
[0.290s] Level 1:colcon.colcon_core.package_identification:_identify(opencv_test/image) by extension 'colcon_meta'
[0.290s] Level 1:colcon.colcon_core.package_identification:_identify(opencv_test/image) by extensions ['ros']
[0.290s] Level 1:colcon.colcon_core.package_identification:_identify(opencv_test/image) by extension 'ros'
[0.290s] Level 1:colcon.colcon_core.package_identification:_identify(opencv_test/image) by extensions ['cmake', 'python']
[0.291s] Level 1:colcon.colcon_core.package_identification:_identify(opencv_test/image) by extension 'cmake'
[0.291s] Level 1:colcon.colcon_core.package_identification:_identify(opencv_test/image) by extension 'python'
[0.291s] Level 1:colcon.colcon_core.package_identification:_identify(opencv_test/image) by extensions ['python_setup_py']
[0.291s] Level 1:colcon.colcon_core.package_identification:_identify(opencv_test/image) by extension 'python_setup_py'
[0.291s] Level 1:colcon.colcon_core.package_identification:_identify(src) by extensions ['ignore', 'ignore_ament_install']
[0.291s] Level 1:colcon.colcon_core.package_identification:_identify(src) by extension 'ignore'
[0.291s] Level 1:colcon.colcon_core.package_identification:_identify(src) by extension 'ignore_ament_install'
[0.291s] Level 1:colcon.colcon_core.package_identification:_identify(src) by extensions ['colcon_pkg']
[0.291s] Level 1:colcon.colcon_core.package_identification:_identify(src) by extension 'colcon_pkg'
[0.292s] Level 1:colcon.colcon_core.package_identification:_identify(src) by extensions ['colcon_meta']
[0.292s] Level 1:colcon.colcon_core.package_identification:_identify(src) by extension 'colcon_meta'
[0.292s] Level 1:colcon.colcon_core.package_identification:_identify(src) by extensions ['ros']
[0.292s] Level 1:colcon.colcon_core.package_identification:_identify(src) by extension 'ros'
[0.292s] Level 1:colcon.colcon_core.package_identification:_identify(src) by extensions ['cmake', 'python']
[0.292s] Level 1:colcon.colcon_core.package_identification:_identify(src) by extension 'cmake'
[0.292s] Level 1:colcon.colcon_core.package_identification:_identify(src) by extension 'python'
[0.292s] Level 1:colcon.colcon_core.package_identification:_identify(src) by extensions ['python_setup_py']
[0.292s] Level 1:colcon.colcon_core.package_identification:_identify(src) by extension 'python_setup_py'
[0.293s] Level 1:colcon.colcon_core.package_identification:_identify(src/build) by extensions ['ignore', 'ignore_ament_install']
[0.293s] Level 1:colcon.colcon_core.package_identification:_identify(src/build) by extension 'ignore'
[0.293s] Level 1:colcon.colcon_core.package_identification:_identify(src/build) ignored
[0.293s] Level 1:colcon.colcon_core.package_identification:_identify(src/install) by extensions ['ignore', 'ignore_ament_install']
[0.293s] Level 1:colcon.colcon_core.package_identification:_identify(src/install) by extension 'ignore'
[0.293s] Level 1:colcon.colcon_core.package_identification:_identify(src/install) ignored
[0.293s] Level 1:colcon.colcon_core.package_identification:_identify(src/log) by extensions ['ignore', 'ignore_ament_install']
[0.294s] Level 1:colcon.colcon_core.package_identification:_identify(src/log) by extension 'ignore'
[0.294s] Level 1:colcon.colcon_core.package_identification:_identify(src/log) ignored
[0.294s] Level 1:colcon.colcon_core.package_identification:_identify(src/m_pubsub) by extensions ['ignore', 'ignore_ament_install']
[0.294s] Level 1:colcon.colcon_core.package_identification:_identify(src/m_pubsub) by extension 'ignore'
[0.294s] Level 1:colcon.colcon_core.package_identification:_identify(src/m_pubsub) by extension 'ignore_ament_install'
[0.294s] Level 1:colcon.colcon_core.package_identification:_identify(src/m_pubsub) by extensions ['colcon_pkg']
[0.294s] Level 1:colcon.colcon_core.package_identification:_identify(src/m_pubsub) by extension 'colcon_pkg'
[0.294s] Level 1:colcon.colcon_core.package_identification:_identify(src/m_pubsub) by extensions ['colcon_meta']
[0.295s] Level 1:colcon.colcon_core.package_identification:_identify(src/m_pubsub) by extension 'colcon_meta'
[0.295s] Level 1:colcon.colcon_core.package_identification:_identify(src/m_pubsub) by extensions ['ros']
[0.295s] Level 1:colcon.colcon_core.package_identification:_identify(src/m_pubsub) by extension 'ros'
[0.298s] DEBUG:colcon.colcon_core.package_identification:Package 'src/m_pubsub' with type 'ros.ament_python' and name 'm_pubsub'
[0.298s] Level 1:colcon.colcon_core.package_identification:_identify(src/m_time) by extensions ['ignore', 'ignore_ament_install']
[0.298s] Level 1:colcon.colcon_core.package_identification:_identify(src/m_time) by extension 'ignore'
[0.298s] Level 1:colcon.colcon_core.package_identification:_identify(src/m_time) by extension 'ignore_ament_install'
[0.298s] Level 1:colcon.colcon_core.package_identification:_identify(src/m_time) by extensions ['colcon_pkg']
[0.298s] Level 1:colcon.colcon_core.package_identification:_identify(src/m_time) by extension 'colcon_pkg'
[0.299s] Level 1:colcon.colcon_core.package_identification:_identify(src/m_time) by extensions ['colcon_meta']
[0.299s] Level 1:colcon.colcon_core.package_identification:_identify(src/m_time) by extension 'colcon_meta'
[0.299s] Level 1:colcon.colcon_core.package_identification:_identify(src/m_time) by extensions ['ros']
[0.299s] Level 1:colcon.colcon_core.package_identification:_identify(src/m_time) by extension 'ros'
[0.299s] DEBUG:colcon.colcon_core.package_identification:Package 'src/m_time' with type 'ros.ament_python' and name 'm_time'
[0.300s] Level 1:colcon.colcon_core.package_identification:_identify(src/move_turtle_pkg) by extensions ['ignore', 'ignore_ament_install']
[0.300s] Level 1:colcon.colcon_core.package_identification:_identify(src/move_turtle_pkg) by extension 'ignore'
[0.300s] Level 1:colcon.colcon_core.package_identification:_identify(src/move_turtle_pkg) by extension 'ignore_ament_install'
[0.300s] Level 1:colcon.colcon_core.package_identification:_identify(src/move_turtle_pkg) by extensions ['colcon_pkg']
[0.300s] Level 1:colcon.colcon_core.package_identification:_identify(src/move_turtle_pkg) by extension 'colcon_pkg'
[0.300s] Level 1:colcon.colcon_core.package_identification:_identify(src/move_turtle_pkg) by extensions ['colcon_meta']
[0.300s] Level 1:colcon.colcon_core.package_identification:_identify(src/move_turtle_pkg) by extension 'colcon_meta'
[0.300s] Level 1:colcon.colcon_core.package_identification:_identify(src/move_turtle_pkg) by extensions ['ros']
[0.301s] Level 1:colcon.colcon_core.package_identification:_identify(src/move_turtle_pkg) by extension 'ros'
[0.301s] DEBUG:colcon.colcon_core.package_identification:Package 'src/move_turtle_pkg' with type 'ros.ament_python' and name 'move_turtle_pkg'
[0.301s] Level 1:colcon.colcon_core.package_identification:_identify(src/test_interface) by extensions ['ignore', 'ignore_ament_install']
[0.301s] Level 1:colcon.colcon_core.package_identification:_identify(src/test_interface) by extension 'ignore'
[0.302s] Level 1:colcon.colcon_core.package_identification:_identify(src/test_interface) by extension 'ignore_ament_install'
[0.302s] Level 1:colcon.colcon_core.package_identification:_identify(src/test_interface) by extensions ['colcon_pkg']
[0.302s] Level 1:colcon.colcon_core.package_identification:_identify(src/test_interface) by extension 'colcon_pkg'
[0.302s] Level 1:colcon.colcon_core.package_identification:_identify(src/test_interface) by extensions ['colcon_meta']
[0.302s] Level 1:colcon.colcon_core.package_identification:_identify(src/test_interface) by extension 'colcon_meta'
[0.302s] Level 1:colcon.colcon_core.package_identification:_identify(src/test_interface) by extensions ['ros']
[0.302s] Level 1:colcon.colcon_core.package_identification:_identify(src/test_interface) by extension 'ros'
[0.303s] DEBUG:colcon.colcon_core.package_identification:Package 'src/test_interface' with type 'ros.ament_cmake' and name 'test_interface'
[0.303s] Level 1:colcon.colcon_core.package_identification:_identify(src/test_num) by extensions ['ignore', 'ignore_ament_install']
[0.303s] Level 1:colcon.colcon_core.package_identification:_identify(src/test_num) by extension 'ignore'
[0.303s] Level 1:colcon.colcon_core.package_identification:_identify(src/test_num) by extension 'ignore_ament_install'
[0.304s] Level 1:colcon.colcon_core.package_identification:_identify(src/test_num) by extensions ['colcon_pkg']
[0.304s] Level 1:colcon.colcon_core.package_identification:_identify(src/test_num) by extension 'colcon_pkg'
[0.304s] Level 1:colcon.colcon_core.package_identification:_identify(src/test_num) by extensions ['colcon_meta']
[0.304s] Level 1:colcon.colcon_core.package_identification:_identify(src/test_num) by extension 'colcon_meta'
[0.304s] Level 1:colcon.colcon_core.package_identification:_identify(src/test_num) by extensions ['ros']
[0.304s] Level 1:colcon.colcon_core.package_identification:_identify(src/test_num) by extension 'ros'
[0.305s] DEBUG:colcon.colcon_core.package_identification:Package 'src/test_num' with type 'ros.ament_python' and name 'test_num'
[0.305s] Level 1:colcon.colcon_core.package_discovery:discover_packages(recursive) using defaults
[0.305s] Level 1:colcon.colcon_core.package_discovery:discover_packages(ignore) discover
[0.305s] Level 1:colcon.colcon_core.package_discovery:discover_packages(ignore) using defaults
[0.305s] Level 1:colcon.colcon_core.package_discovery:discover_packages(path) discover
[0.305s] Level 1:colcon.colcon_core.package_discovery:discover_packages(path) using defaults
[0.337s] Level 1:colcon.colcon_core.package_discovery:discover_packages(prefix_path) check parameters
[0.337s] Level 1:colcon.colcon_core.package_discovery:discover_packages(prefix_path) discover
[0.343s] DEBUG:colcon.colcon_installed_package_information.package_discovery:Found 6 installed packages in /home/ubuntu/robot_ws/install
[0.346s] DEBUG:colcon.colcon_installed_package_information.package_discovery:Found 258 installed packages in /opt/ros/foxy
[0.348s] Level 1:colcon.colcon_core.package_discovery:discover_packages(prefix_path) using defaults
[0.440s] Level 5:colcon.colcon_core.verb:set package 'm_pubsub' build argument 'cmake_args' from command line to 'None'
[0.440s] Level 5:colcon.colcon_core.verb:set package 'm_pubsub' build argument 'cmake_target' from command line to 'None'
[0.440s] Level 5:colcon.colcon_core.verb:set package 'm_pubsub' build argument 'cmake_target_skip_unavailable' from command line to 'False'
[0.440s] Level 5:colcon.colcon_core.verb:set package 'm_pubsub' build argument 'cmake_clean_cache' from command line to 'False'
[0.440s] Level 5:colcon.colcon_core.verb:set package 'm_pubsub' build argument 'cmake_clean_first' from command line to 'False'
[0.440s] Level 5:colcon.colcon_core.verb:set package 'm_pubsub' build argument 'cmake_force_configure' from command line to 'False'
[0.440s] Level 5:colcon.colcon_core.verb:set package 'm_pubsub' build argument 'ament_cmake_args' from command line to 'None'
[0.441s] Level 5:colcon.colcon_core.verb:set package 'm_pubsub' build argument 'catkin_cmake_args' from command line to 'None'
[0.441s] Level 5:colcon.colcon_core.verb:set package 'm_pubsub' build argument 'catkin_skip_building_tests' from command line to 'False'
[0.441s] DEBUG:colcon.colcon_core.verb:Building package 'm_pubsub' with the following arguments: {'ament_cmake_args': None, 'build_base': '/home/ubuntu/robot_ws/build/m_pubsub', 'catkin_cmake_args': None, 'catkin_skip_building_tests': False, 'cmake_args': None, 'cmake_clean_cache': False, 'cmake_clean_first': False, 'cmake_force_configure': False, 'cmake_target': None, 'cmake_target_skip_unavailable': False, 'install_base': '/home/ubuntu/robot_ws/install/m_pubsub', 'merge_install': False, 'path': '/home/ubuntu/robot_ws/src/m_pubsub', 'symlink_install': True, 'test_result_base': None}
[0.443s] Level 5:colcon.colcon_core.verb:set package 'm_time' build argument 'cmake_args' from command line to 'None'
[0.443s] Level 5:colcon.colcon_core.verb:set package 'm_time' build argument 'cmake_target' from command line to 'None'
[0.443s] Level 5:colcon.colcon_core.verb:set package 'm_time' build argument 'cmake_target_skip_unavailable' from command line to 'False'
[0.443s] Level 5:colcon.colcon_core.verb:set package 'm_time' build argument 'cmake_clean_cache' from command line to 'False'
[0.443s] Level 5:colcon.colcon_core.verb:set package 'm_time' build argument 'cmake_clean_first' from command line to 'False'
[0.443s] Level 5:colcon.colcon_core.verb:set package 'm_time' build argument 'cmake_force_configure' from command line to 'False'
[0.443s] Level 5:colcon.colcon_core.verb:set package 'm_time' build argument 'ament_cmake_args' from command line to 'None'
[0.443s] Level 5:colcon.colcon_core.verb:set package 'm_time' build argument 'catkin_cmake_args' from command line to 'None'
[0.443s] Level 5:colcon.colcon_core.verb:set package 'm_time' build argument 'catkin_skip_building_tests' from command line to 'False'
[0.443s] DEBUG:colcon.colcon_core.verb:Building package 'm_time' with the following arguments: {'ament_cmake_args': None, 'build_base': '/home/ubuntu/robot_ws/build/m_time', 'catkin_cmake_args': None, 'catkin_skip_building_tests': False, 'cmake_args': None, 'cmake_clean_cache': False, 'cmake_clean_first': False, 'cmake_force_configure': False, 'cmake_target': None, 'cmake_target_skip_unavailable': False, 'install_base': '/home/ubuntu/robot_ws/install/m_time', 'merge_install': False, 'path': '/home/ubuntu/robot_ws/src/m_time', 'symlink_install': True, 'test_result_base': None}
[0.445s] Level 5:colcon.colcon_core.verb:set package 'move_turtle_pkg' build argument 'cmake_args' from command line to 'None'
[0.445s] Level 5:colcon.colcon_core.verb:set package 'move_turtle_pkg' build argument 'cmake_target' from command line to 'None'
[0.445s] Level 5:colcon.colcon_core.verb:set package 'move_turtle_pkg' build argument 'cmake_target_skip_unavailable' from command line to 'False'
[0.446s] Level 5:colcon.colcon_core.verb:set package 'move_turtle_pkg' build argument 'cmake_clean_cache' from command line to 'False'
[0.446s] Level 5:colcon.colcon_core.verb:set package 'move_turtle_pkg' build argument 'cmake_clean_first' from command line to 'False'
[0.446s] Level 5:colcon.colcon_core.verb:set package 'move_turtle_pkg' build argument 'cmake_force_configure' from command line to 'False'
[0.446s] Level 5:colcon.colcon_core.verb:set package 'move_turtle_pkg' build argument 'ament_cmake_args' from command line to 'None'
[0.446s] Level 5:colcon.colcon_core.verb:set package 'move_turtle_pkg' build argument 'catkin_cmake_args' from command line to 'None'
[0.446s] Level 5:colcon.colcon_core.verb:set package 'move_turtle_pkg' build argument 'catkin_skip_building_tests' from command line to 'False'
[0.446s] DEBUG:colcon.colcon_core.verb:Building package 'move_turtle_pkg' with the following arguments: {'ament_cmake_args': None, 'build_base': '/home/ubuntu/robot_ws/build/move_turtle_pkg', 'catkin_cmake_args': None, 'catkin_skip_building_tests': False, 'cmake_args': None, 'cmake_clean_cache': False, 'cmake_clean_first': False, 'cmake_force_configure': False, 'cmake_target': None, 'cmake_target_skip_unavailable': False, 'install_base': '/home/ubuntu/robot_ws/install/move_turtle_pkg', 'merge_install': False, 'path': '/home/ubuntu/robot_ws/src/move_turtle_pkg', 'symlink_install': True, 'test_result_base': None}
[0.450s] Level 5:colcon.colcon_core.verb:set package 'test_interface' build argument 'cmake_args' from command line to 'None'
[0.450s] Level 5:colcon.colcon_core.verb:set package 'test_interface' build argument 'cmake_target' from command line to 'None'
[0.450s] Level 5:colcon.colcon_core.verb:set package 'test_interface' build argument 'cmake_target_skip_unavailable' from command line to 'False'
[0.450s] Level 5:colcon.colcon_core.verb:set package 'test_interface' build argument 'cmake_clean_cache' from command line to 'False'
[0.450s] Level 5:colcon.colcon_core.verb:set package 'test_interface' build argument 'cmake_clean_first' from command line to 'False'
[0.450s] Level 5:colcon.colcon_core.verb:set package 'test_interface' build argument 'cmake_force_configure' from command line to 'False'
[0.450s] Level 5:colcon.colcon_core.verb:set package 'test_interface' build argument 'ament_cmake_args' from command line to 'None'
[0.450s] Level 5:colcon.colcon_core.verb:set package 'test_interface' build argument 'catkin_cmake_args' from command line to 'None'
[0.450s] Level 5:colcon.colcon_core.verb:set package 'test_interface' build argument 'catkin_skip_building_tests' from command line to 'False'
[0.450s] DEBUG:colcon.colcon_core.verb:Building package 'test_interface' with the following arguments: {'ament_cmake_args': None, 'build_base': '/home/ubuntu/robot_ws/build/test_interface', 'catkin_cmake_args': None, 'catkin_skip_building_tests': False, 'cmake_args': None, 'cmake_clean_cache': False, 'cmake_clean_first': False, 'cmake_force_configure': False, 'cmake_target': None, 'cmake_target_skip_unavailable': False, 'install_base': '/home/ubuntu/robot_ws/install/test_interface', 'merge_install': False, 'path': '/home/ubuntu/robot_ws/src/test_interface', 'symlink_install': True, 'test_result_base': None}
[0.452s] Level 5:colcon.colcon_core.verb:set package 'test_num' build argument 'cmake_args' from command line to 'None'
[0.452s] Level 5:colcon.colcon_core.verb:set package 'test_num' build argument 'cmake_target' from command line to 'None'
[0.452s] Level 5:colcon.colcon_core.verb:set package 'test_num' build argument 'cmake_target_skip_unavailable' from command line to 'False'
[0.452s] Level 5:colcon.colcon_core.verb:set package 'test_num' build argument 'cmake_clean_cache' from command line to 'False'
[0.452s] Level 5:colcon.colcon_core.verb:set package 'test_num' build argument 'cmake_clean_first' from command line to 'False'
[0.453s] Level 5:colcon.colcon_core.verb:set package 'test_num' build argument 'cmake_force_configure' from command line to 'False'
[0.453s] Level 5:colcon.colcon_core.verb:set package 'test_num' build argument 'ament_cmake_args' from command line to 'None'
[0.453s] Level 5:colcon.colcon_core.verb:set package 'test_num' build argument 'catkin_cmake_args' from command line to 'None'
[0.453s] Level 5:colcon.colcon_core.verb:set package 'test_num' build argument 'catkin_skip_building_tests' from command line to 'False'
[0.453s] DEBUG:colcon.colcon_core.verb:Building package 'test_num' with the following arguments: {'ament_cmake_args': None, 'build_base': '/home/ubuntu/robot_ws/build/test_num', 'catkin_cmake_args': None, 'catkin_skip_building_tests': False, 'cmake_args': None, 'cmake_clean_cache': False, 'cmake_clean_first': False, 'cmake_force_configure': False, 'cmake_target': None, 'cmake_target_skip_unavailable': False, 'install_base': '/home/ubuntu/robot_ws/install/test_num', 'merge_install': False, 'path': '/home/ubuntu/robot_ws/src/test_num', 'symlink_install': True, 'test_result_base': None}
[0.454s] INFO:colcon.colcon_core.executor:Executing jobs using 'parallel' executor
[0.466s] DEBUG:colcon.colcon_parallel_executor.executor.parallel:run_until_complete
[0.466s] INFO:colcon.colcon_ros.task.ament_python.build:Building ROS package in '/home/ubuntu/robot_ws/src/m_pubsub' with build type 'ament_python'
[0.466s] Level 1:colcon.colcon_core.shell:create_environment_hook('m_pubsub', 'ament_prefix_path')
[0.474s] INFO:colcon.colcon_core.plugin_system:Skipping extension 'colcon_core.shell.bat': Not used on non-Windows systems
[0.474s] INFO:colcon.colcon_core.shell:Creating environment hook '/home/ubuntu/robot_ws/install/m_pubsub/share/m_pubsub/hook/ament_prefix_path.ps1'
[0.475s] INFO:colcon.colcon_core.shell:Creating environment descriptor '/home/ubuntu/robot_ws/install/m_pubsub/share/m_pubsub/hook/ament_prefix_path.dsv'
[0.476s] INFO:colcon.colcon_core.shell:Creating environment hook '/home/ubuntu/robot_ws/install/m_pubsub/share/m_pubsub/hook/ament_prefix_path.sh'
[0.482s] INFO:colcon.colcon_core.shell:Skip shell extension 'powershell' for command environment: Not usable outside of PowerShell
[0.482s] DEBUG:colcon.colcon_core.shell:Skip shell extension 'dsv' for command environment
[0.493s] INFO:colcon.colcon_ros.task.ament_python.build:Building ROS package in '/home/ubuntu/robot_ws/src/m_time' with build type 'ament_python'
[0.493s] Level 1:colcon.colcon_core.shell:create_environment_hook('m_time', 'ament_prefix_path')
[0.498s] INFO:colcon.colcon_core.shell:Creating environment hook '/home/ubuntu/robot_ws/install/m_time/share/m_time/hook/ament_prefix_path.ps1'
[0.500s] INFO:colcon.colcon_core.shell:Creating environment descriptor '/home/ubuntu/robot_ws/install/m_time/share/m_time/hook/ament_prefix_path.dsv'
[0.500s] INFO:colcon.colcon_core.shell:Creating environment hook '/home/ubuntu/robot_ws/install/m_time/share/m_time/hook/ament_prefix_path.sh'
[0.505s] INFO:colcon.colcon_core.shell:Skip shell extension 'powershell' for command environment: Not usable outside of PowerShell
[0.505s] DEBUG:colcon.colcon_core.shell:Skip shell extension 'dsv' for command environment
[0.808s] INFO:colcon.colcon_core.task.python.build:Building Python package in '/home/ubuntu/robot_ws/src/m_pubsub'
[0.812s] INFO:colcon.colcon_core.shell:Skip shell extension 'powershell' for command environment: Not usable outside of PowerShell
[0.812s] DEBUG:colcon.colcon_core.shell:Skip shell extension 'dsv' for command environment
[1.110s] INFO:colcon.colcon_core.task.python.build:Building Python package in '/home/ubuntu/robot_ws/src/m_time'
[1.114s] INFO:colcon.colcon_core.shell:Skip shell extension 'powershell' for command environment: Not usable outside of PowerShell
[1.115s] DEBUG:colcon.colcon_core.shell:Skip shell extension 'dsv' for command environment
[1.672s] DEBUG:colcon.colcon_core.event_handler.log_command:Invoking command in '/home/ubuntu/robot_ws/build/m_time': PYTHONPATH=/home/ubuntu/robot_ws/build/m_time/prefix_override:/home/ubuntu/robot_ws/install/m_time/lib/python3.8/site-packages:${PYTHONPATH} /usr/bin/python3 setup.py develop --editable --build-directory /home/ubuntu/robot_ws/build/m_time/build --no-deps install_data
[1.693s] DEBUG:colcon.colcon_core.event_handler.log_command:Invoking command in '/home/ubuntu/robot_ws/build/m_pubsub': PYTHONPATH=/home/ubuntu/robot_ws/build/m_pubsub/prefix_override:/home/ubuntu/robot_ws/install/m_pubsub/lib/python3.8/site-packages:${PYTHONPATH} /usr/bin/python3 setup.py develop --editable --build-directory /home/ubuntu/robot_ws/build/m_pubsub/build --no-deps install_data
[2.328s] Level 1:colcon.colcon_core.shell:create_environment_hook('m_time', 'pythonpath_develop')
[2.332s] INFO:colcon.colcon_core.shell:Creating environment hook '/home/ubuntu/robot_ws/build/m_time/share/m_time/hook/pythonpath_develop.ps1'
[2.333s] DEBUG:colcon.colcon_core.event_handler.log_command:Invoked command in '/home/ubuntu/robot_ws/build/m_time' returned '0': PYTHONPATH=/home/ubuntu/robot_ws/build/m_time/prefix_override:/home/ubuntu/robot_ws/install/m_time/lib/python3.8/site-packages:${PYTHONPATH} /usr/bin/python3 setup.py develop --editable --build-directory /home/ubuntu/robot_ws/build/m_time/build --no-deps install_data
[2.334s] INFO:colcon.colcon_core.shell:Creating environment descriptor '/home/ubuntu/robot_ws/build/m_time/share/m_time/hook/pythonpath_develop.dsv'
[2.334s] INFO:colcon.colcon_core.shell:Creating environment hook '/home/ubuntu/robot_ws/build/m_time/share/m_time/hook/pythonpath_develop.sh'
[2.348s] Level 1:colcon.colcon_core.environment:checking '/home/ubuntu/robot_ws/install/m_time' for CMake module files
[2.349s] Level 1:colcon.colcon_core.environment:checking '/home/ubuntu/robot_ws/install/m_time' for CMake config files
[2.350s] Level 1:colcon.colcon_core.environment:checking '/home/ubuntu/robot_ws/install/m_time/lib'
[2.351s] Level 1:colcon.colcon_core.environment:checking '/home/ubuntu/robot_ws/install/m_time/bin'
[2.351s] Level 1:colcon.colcon_core.environment:checking '/home/ubuntu/robot_ws/install/m_time/lib/pkgconfig/m_time.pc'
[2.351s] Level 1:colcon.colcon_core.environment:checking '/home/ubuntu/robot_ws/install/m_time/lib/python3.8/site-packages'
[2.352s] Level 1:colcon.colcon_core.shell:create_environment_hook('m_time', 'pythonpath')
[2.357s] INFO:colcon.colcon_core.shell:Creating environment hook '/home/ubuntu/robot_ws/install/m_time/share/m_time/hook/pythonpath.ps1'
[2.358s] INFO:colcon.colcon_core.shell:Creating environment descriptor '/home/ubuntu/robot_ws/install/m_time/share/m_time/hook/pythonpath.dsv'
[2.358s] INFO:colcon.colcon_core.shell:Creating environment hook '/home/ubuntu/robot_ws/install/m_time/share/m_time/hook/pythonpath.sh'
[2.359s] Level 1:colcon.colcon_core.environment:checking '/home/ubuntu/robot_ws/install/m_time/bin'
[2.359s] Level 1:colcon.colcon_core.environment:create_environment_scripts_only(m_time)
[2.363s] INFO:colcon.colcon_core.shell:Creating package script '/home/ubuntu/robot_ws/install/m_time/share/m_time/package.ps1'
[2.364s] INFO:colcon.colcon_core.shell:Creating package descriptor '/home/ubuntu/robot_ws/install/m_time/share/m_time/package.dsv'
[2.365s] INFO:colcon.colcon_core.shell:Creating package script '/home/ubuntu/robot_ws/install/m_time/share/m_time/package.sh'
[2.366s] INFO:colcon.colcon_core.shell:Creating package script '/home/ubuntu/robot_ws/install/m_time/share/m_time/package.bash'
[2.367s] INFO:colcon.colcon_core.shell:Creating package script '/home/ubuntu/robot_ws/install/m_time/share/m_time/package.zsh'
[2.368s] Level 1:colcon.colcon_core.environment:create_file_with_runtime_dependencies(/home/ubuntu/robot_ws/install/m_time/share/colcon-core/packages/m_time)
[2.369s] INFO:colcon.colcon_ros.task.ament_python.build:Building ROS package in '/home/ubuntu/robot_ws/src/move_turtle_pkg' with build type 'ament_python'
[2.370s] Level 1:colcon.colcon_core.shell:create_environment_hook('move_turtle_pkg', 'ament_prefix_path')
[2.373s] INFO:colcon.colcon_core.shell:Creating environment hook '/home/ubuntu/robot_ws/install/move_turtle_pkg/share/move_turtle_pkg/hook/ament_prefix_path.ps1'
[2.375s] INFO:colcon.colcon_core.shell:Creating environment descriptor '/home/ubuntu/robot_ws/install/move_turtle_pkg/share/move_turtle_pkg/hook/ament_prefix_path.dsv'
[2.376s] INFO:colcon.colcon_core.shell:Creating environment hook '/home/ubuntu/robot_ws/install/move_turtle_pkg/share/move_turtle_pkg/hook/ament_prefix_path.sh'
[2.380s] INFO:colcon.colcon_core.shell:Skip shell extension 'powershell' for command environment: Not usable outside of PowerShell
[2.380s] DEBUG:colcon.colcon_core.shell:Skip shell extension 'dsv' for command environment
[2.396s] Level 1:colcon.colcon_core.shell:create_environment_hook('m_pubsub', 'pythonpath_develop')
[2.397s] DEBUG:colcon.colcon_core.event_handler.log_command:Invoked command in '/home/ubuntu/robot_ws/build/m_pubsub' returned '0': PYTHONPATH=/home/ubuntu/robot_ws/build/m_pubsub/prefix_override:/home/ubuntu/robot_ws/install/m_pubsub/lib/python3.8/site-packages:${PYTHONPATH} /usr/bin/python3 setup.py develop --editable --build-directory /home/ubuntu/robot_ws/build/m_pubsub/build --no-deps install_data
[2.401s] INFO:colcon.colcon_core.shell:Creating environment hook '/home/ubuntu/robot_ws/build/m_pubsub/share/m_pubsub/hook/pythonpath_develop.ps1'
[2.403s] INFO:colcon.colcon_core.shell:Creating environment descriptor '/home/ubuntu/robot_ws/build/m_pubsub/share/m_pubsub/hook/pythonpath_develop.dsv'
[2.403s] INFO:colcon.colcon_core.shell:Creating environment hook '/home/ubuntu/robot_ws/build/m_pubsub/share/m_pubsub/hook/pythonpath_develop.sh'
[2.413s] Level 1:colcon.colcon_core.environment:checking '/home/ubuntu/robot_ws/install/m_pubsub' for CMake module files
[2.413s] Level 1:colcon.colcon_core.environment:checking '/home/ubuntu/robot_ws/install/m_pubsub' for CMake config files
[2.414s] Level 1:colcon.colcon_core.environment:checking '/home/ubuntu/robot_ws/install/m_pubsub/lib'
[2.414s] Level 1:colcon.colcon_core.environment:checking '/home/ubuntu/robot_ws/install/m_pubsub/bin'
[2.414s] Level 1:colcon.colcon_core.environment:checking '/home/ubuntu/robot_ws/install/m_pubsub/lib/pkgconfig/m_pubsub.pc'
[2.415s] Level 1:colcon.colcon_core.environment:checking '/home/ubuntu/robot_ws/install/m_pubsub/lib/python3.8/site-packages'
[2.415s] Level 1:colcon.colcon_core.shell:create_environment_hook('m_pubsub', 'pythonpath')
[2.418s] INFO:colcon.colcon_core.shell:Creating environment hook '/home/ubuntu/robot_ws/install/m_pubsub/share/m_pubsub/hook/pythonpath.ps1'
[2.419s] INFO:colcon.colcon_core.shell:Creating environment descriptor '/home/ubuntu/robot_ws/install/m_pubsub/share/m_pubsub/hook/pythonpath.dsv'
[2.420s] INFO:colcon.colcon_core.shell:Creating environment hook '/home/ubuntu/robot_ws/install/m_pubsub/share/m_pubsub/hook/pythonpath.sh'
[2.421s] Level 1:colcon.colcon_core.environment:checking '/home/ubuntu/robot_ws/install/m_pubsub/bin'
[2.421s] Level 1:colcon.colcon_core.environment:create_environment_scripts_only(m_pubsub)
[2.424s] INFO:colcon.colcon_core.shell:Creating package script '/home/ubuntu/robot_ws/install/m_pubsub/share/m_pubsub/package.ps1'
[2.425s] INFO:colcon.colcon_core.shell:Creating package descriptor '/home/ubuntu/robot_ws/install/m_pubsub/share/m_pubsub/package.dsv'
[2.426s] INFO:colcon.colcon_core.shell:Creating package script '/home/ubuntu/robot_ws/install/m_pubsub/share/m_pubsub/package.sh'
[2.427s] INFO:colcon.colcon_core.shell:Creating package script '/home/ubuntu/robot_ws/install/m_pubsub/share/m_pubsub/package.bash'
[2.428s] INFO:colcon.colcon_core.shell:Creating package script '/home/ubuntu/robot_ws/install/m_pubsub/share/m_pubsub/package.zsh'
[2.428s] Level 1:colcon.colcon_core.environment:create_file_with_runtime_dependencies(/home/ubuntu/robot_ws/install/m_pubsub/share/colcon-core/packages/m_pubsub)
[2.430s] INFO:colcon.colcon_ros.task.ament_cmake.build:Building ROS package in '/home/ubuntu/robot_ws/src/test_interface' with build type 'ament_cmake'
[2.430s] INFO:colcon.colcon_cmake.task.cmake.build:Building CMake package in '/home/ubuntu/robot_ws/src/test_interface'
[2.435s] INFO:colcon.colcon_core.shell:Skip shell extension 'powershell' for command environment: Not usable outside of PowerShell
[2.436s] DEBUG:colcon.colcon_core.shell:Skip shell extension 'dsv' for command environment
[2.752s] INFO:colcon.colcon_core.task.python.build:Building Python package in '/home/ubuntu/robot_ws/src/move_turtle_pkg'
[2.756s] INFO:colcon.colcon_core.shell:Skip shell extension 'powershell' for command environment: Not usable outside of PowerShell
[2.756s] DEBUG:colcon.colcon_core.shell:Skip shell extension 'dsv' for command environment
[2.772s] DEBUG:colcon.colcon_core.event_handler.log_command:Invoking command in '/home/ubuntu/robot_ws/build/test_interface': CMAKE_PREFIX_PATH=${CMAKE_PREFIX_PATH}:/home/ubuntu/robot_ws/install/test_num:/home/ubuntu/robot_ws/install/move_turtle_pkg:/home/ubuntu/robot_ws/install/m_time:/home/ubuntu/robot_ws/install/m_pubsub:/opt/ros/foxy /usr/bin/cmake --build /home/ubuntu/robot_ws/build/test_interface -- -j2 -l2
[3.328s] DEBUG:colcon.colcon_core.event_handler.log_command:Invoking command in '/home/ubuntu/robot_ws/build/move_turtle_pkg': PYTHONPATH=/home/ubuntu/robot_ws/build/move_turtle_pkg/prefix_override:/home/ubuntu/robot_ws/install/move_turtle_pkg/lib/python3.8/site-packages:${PYTHONPATH} /usr/bin/python3 setup.py develop --editable --build-directory /home/ubuntu/robot_ws/build/move_turtle_pkg/build --no-deps install_data
[4.033s] Level 1:colcon.colcon_core.shell:create_environment_hook('move_turtle_pkg', 'pythonpath_develop')
[4.037s] INFO:colcon.colcon_core.shell:Creating environment hook '/home/ubuntu/robot_ws/build/move_turtle_pkg/share/move_turtle_pkg/hook/pythonpath_develop.ps1'
[4.038s] DEBUG:colcon.colcon_core.event_handler.log_command:Invoked command in '/home/ubuntu/robot_ws/build/move_turtle_pkg' returned '0': PYTHONPATH=/home/ubuntu/robot_ws/build/move_turtle_pkg/prefix_override:/home/ubuntu/robot_ws/install/move_turtle_pkg/lib/python3.8/site-packages:${PYTHONPATH} /usr/bin/python3 setup.py develop --editable --build-directory /home/ubuntu/robot_ws/build/move_turtle_pkg/build --no-deps install_data
[4.039s] INFO:colcon.colcon_core.shell:Creating environment descriptor '/home/ubuntu/robot_ws/build/move_turtle_pkg/share/move_turtle_pkg/hook/pythonpath_develop.dsv'
[4.040s] INFO:colcon.colcon_core.shell:Creating environment hook '/home/ubuntu/robot_ws/build/move_turtle_pkg/share/move_turtle_pkg/hook/pythonpath_develop.sh'
[4.046s] Level 1:colcon.colcon_core.environment:checking '/home/ubuntu/robot_ws/install/move_turtle_pkg' for CMake module files
[4.046s] Level 1:colcon.colcon_core.environment:checking '/home/ubuntu/robot_ws/install/move_turtle_pkg' for CMake config files
[4.047s] Level 1:colcon.colcon_core.environment:checking '/home/ubuntu/robot_ws/install/move_turtle_pkg/lib'
[4.047s] Level 1:colcon.colcon_core.environment:checking '/home/ubuntu/robot_ws/install/move_turtle_pkg/bin'
[4.047s] Level 1:colcon.colcon_core.environment:checking '/home/ubuntu/robot_ws/install/move_turtle_pkg/lib/pkgconfig/move_turtle_pkg.pc'
[4.048s] Level 1:colcon.colcon_core.environment:checking '/home/ubuntu/robot_ws/install/move_turtle_pkg/lib/python3.8/site-packages'
[4.048s] Level 1:colcon.colcon_core.shell:create_environment_hook('move_turtle_pkg', 'pythonpath')
[4.051s] INFO:colcon.colcon_core.shell:Creating environment hook '/home/ubuntu/robot_ws/install/move_turtle_pkg/share/move_turtle_pkg/hook/pythonpath.ps1'
[4.052s] INFO:colcon.colcon_core.shell:Creating environment descriptor '/home/ubuntu/robot_ws/install/move_turtle_pkg/share/move_turtle_pkg/hook/pythonpath.dsv'
[4.053s] INFO:colcon.colcon_core.shell:Creating environment hook '/home/ubuntu/robot_ws/install/move_turtle_pkg/share/move_turtle_pkg/hook/pythonpath.sh'
[4.053s] Level 1:colcon.colcon_core.environment:checking '/home/ubuntu/robot_ws/install/move_turtle_pkg/bin'
[4.053s] Level 1:colcon.colcon_core.environment:create_environment_scripts_only(move_turtle_pkg)
[4.057s] INFO:colcon.colcon_core.shell:Creating package script '/home/ubuntu/robot_ws/install/move_turtle_pkg/share/move_turtle_pkg/package.ps1'
[4.058s] INFO:colcon.colcon_core.shell:Creating package descriptor '/home/ubuntu/robot_ws/install/move_turtle_pkg/share/move_turtle_pkg/package.dsv'
[4.059s] INFO:colcon.colcon_core.shell:Creating package script '/home/ubuntu/robot_ws/install/move_turtle_pkg/share/move_turtle_pkg/package.sh'
[4.060s] INFO:colcon.colcon_core.shell:Creating package script '/home/ubuntu/robot_ws/install/move_turtle_pkg/share/move_turtle_pkg/package.bash'
[4.060s] INFO:colcon.colcon_core.shell:Creating package script '/home/ubuntu/robot_ws/install/move_turtle_pkg/share/move_turtle_pkg/package.zsh'
[4.061s] Level 1:colcon.colcon_core.environment:create_file_with_runtime_dependencies(/home/ubuntu/robot_ws/install/move_turtle_pkg/share/colcon-core/packages/move_turtle_pkg)
[4.062s] INFO:colcon.colcon_ros.task.ament_python.build:Building ROS package in '/home/ubuntu/robot_ws/src/test_num' with build type 'ament_python'
[4.063s] Level 1:colcon.colcon_core.shell:create_environment_hook('test_num', 'ament_prefix_path')
[4.066s] INFO:colcon.colcon_core.shell:Creating environment hook '/home/ubuntu/robot_ws/install/test_num/share/test_num/hook/ament_prefix_path.ps1'
[4.067s] INFO:colcon.colcon_core.shell:Creating environment descriptor '/home/ubuntu/robot_ws/install/test_num/share/test_num/hook/ament_prefix_path.dsv'
[4.067s] INFO:colcon.colcon_core.shell:Creating environment hook '/home/ubuntu/robot_ws/install/test_num/share/test_num/hook/ament_prefix_path.sh'
[4.071s] INFO:colcon.colcon_core.shell:Skip shell extension 'powershell' for command environment: Not usable outside of PowerShell
[4.072s] DEBUG:colcon.colcon_core.shell:Skip shell extension 'dsv' for command environment
[4.454s] INFO:colcon.colcon_core.task.python.build:Building Python package in '/home/ubuntu/robot_ws/src/test_num'
[4.458s] INFO:colcon.colcon_core.shell:Skip shell extension 'powershell' for command environment: Not usable outside of PowerShell
[4.459s] DEBUG:colcon.colcon_core.shell:Skip shell extension 'dsv' for command environment
[4.618s] DEBUG:colcon.colcon_core.event_handler.log_command:Invoked command in '/home/ubuntu/robot_ws/build/test_interface' returned '0': CMAKE_PREFIX_PATH=${CMAKE_PREFIX_PATH}:/home/ubuntu/robot_ws/install/test_num:/home/ubuntu/robot_ws/install/move_turtle_pkg:/home/ubuntu/robot_ws/install/m_time:/home/ubuntu/robot_ws/install/m_pubsub:/opt/ros/foxy /usr/bin/cmake --build /home/ubuntu/robot_ws/build/test_interface -- -j2 -l2
[4.789s] DEBUG:colcon.colcon_core.event_handler.log_command:Invoking command in '/home/ubuntu/robot_ws/build/test_interface': CMAKE_PREFIX_PATH=${CMAKE_PREFIX_PATH}:/home/ubuntu/robot_ws/install/test_num:/home/ubuntu/robot_ws/install/move_turtle_pkg:/home/ubuntu/robot_ws/install/m_time:/home/ubuntu/robot_ws/install/m_pubsub:/opt/ros/foxy /usr/bin/cmake --install /home/ubuntu/robot_ws/build/test_interface
[4.970s] Level 1:colcon.colcon_core.environment:create_environment_scripts_only(test_interface)
[4.976s] Level 1:colcon.colcon_core.environment:checking '/home/ubuntu/robot_ws/install/test_interface' for CMake module files
[4.977s] Level 1:colcon.colcon_core.environment:checking '/home/ubuntu/robot_ws/install/test_interface' for CMake config files
[4.978s] Level 1:colcon.colcon_core.shell:create_environment_hook('test_interface', 'cmake_prefix_path')
[4.982s] INFO:colcon.colcon_core.shell:Creating environment hook '/home/ubuntu/robot_ws/install/test_interface/share/test_interface/hook/cmake_prefix_path.ps1'
[4.982s] DEBUG:colcon.colcon_core.event_handler.log_command:Invoked command in '/home/ubuntu/robot_ws/build/test_interface' returned '0': CMAKE_PREFIX_PATH=${CMAKE_PREFIX_PATH}:/home/ubuntu/robot_ws/install/test_num:/home/ubuntu/robot_ws/install/move_turtle_pkg:/home/ubuntu/robot_ws/install/m_time:/home/ubuntu/robot_ws/install/m_pubsub:/opt/ros/foxy /usr/bin/cmake --install /home/ubuntu/robot_ws/build/test_interface
[4.983s] INFO:colcon.colcon_core.shell:Creating environment descriptor '/home/ubuntu/robot_ws/install/test_interface/share/test_interface/hook/cmake_prefix_path.dsv'
[4.984s] INFO:colcon.colcon_core.shell:Creating environment hook '/home/ubuntu/robot_ws/install/test_interface/share/test_interface/hook/cmake_prefix_path.sh'
[4.985s] Level 1:colcon.colcon_core.environment:checking '/home/ubuntu/robot_ws/install/test_interface/lib'
[4.985s] Level 1:colcon.colcon_core.shell:create_environment_hook('test_interface', 'ld_library_path_lib')
[4.988s] INFO:colcon.colcon_core.shell:Creating environment hook '/home/ubuntu/robot_ws/install/test_interface/share/test_interface/hook/ld_library_path_lib.ps1'
[4.989s] INFO:colcon.colcon_core.shell:Creating environment descriptor '/home/ubuntu/robot_ws/install/test_interface/share/test_interface/hook/ld_library_path_lib.dsv'
[4.989s] INFO:colcon.colcon_core.shell:Creating environment hook '/home/ubuntu/robot_ws/install/test_interface/share/test_interface/hook/ld_library_path_lib.sh'
[4.990s] Level 1:colcon.colcon_core.environment:checking '/home/ubuntu/robot_ws/install/test_interface/bin'
[4.990s] Level 1:colcon.colcon_core.environment:checking '/home/ubuntu/robot_ws/install/test_interface/lib/pkgconfig/test_interface.pc'
[4.991s] Level 1:colcon.colcon_core.environment:checking '/home/ubuntu/robot_ws/install/test_interface/lib/python3.8/site-packages'
[4.991s] Level 1:colcon.colcon_core.shell:create_environment_hook('test_interface', 'pythonpath')
[5.002s] INFO:colcon.colcon_core.shell:Creating environment hook '/home/ubuntu/robot_ws/install/test_interface/share/test_interface/hook/pythonpath.ps1'
[5.003s] INFO:colcon.colcon_core.shell:Creating environment descriptor '/home/ubuntu/robot_ws/install/test_interface/share/test_interface/hook/pythonpath.dsv'
[5.006s] INFO:colcon.colcon_core.shell:Creating environment hook '/home/ubuntu/robot_ws/install/test_interface/share/test_interface/hook/pythonpath.sh'
[5.010s] Level 1:colcon.colcon_core.environment:checking '/home/ubuntu/robot_ws/install/test_interface/bin'
[5.014s] INFO:colcon.colcon_core.shell:Creating package script '/home/ubuntu/robot_ws/install/test_interface/share/test_interface/package.ps1'
[5.014s] INFO:colcon.colcon_core.shell:Creating package descriptor '/home/ubuntu/robot_ws/install/test_interface/share/test_interface/package.dsv'
[5.015s] INFO:colcon.colcon_core.shell:Creating package script '/home/ubuntu/robot_ws/install/test_interface/share/test_interface/package.sh'
[5.016s] INFO:colcon.colcon_core.shell:Creating package script '/home/ubuntu/robot_ws/install/test_interface/share/test_interface/package.bash'
[5.017s] INFO:colcon.colcon_core.shell:Creating package script '/home/ubuntu/robot_ws/install/test_interface/share/test_interface/package.zsh'
[5.018s] Level 1:colcon.colcon_core.environment:create_file_with_runtime_dependencies(/home/ubuntu/robot_ws/install/test_interface/share/colcon-core/packages/test_interface)
[5.046s] DEBUG:colcon.colcon_core.event_handler.log_command:Invoking command in '/home/ubuntu/robot_ws/build/test_num': PYTHONPATH=/home/ubuntu/robot_ws/build/test_num/prefix_override:/home/ubuntu/robot_ws/install/test_num/lib/python3.8/site-packages:${PYTHONPATH} /usr/bin/python3 setup.py develop --editable --build-directory /home/ubuntu/robot_ws/build/test_num/build --no-deps install_data
[5.166s] Level 1:colcon.colcon_core.environment:create_environment_scripts_only(test_interface)
[5.171s] Level 1:colcon.colcon_core.environment:checking '/home/ubuntu/robot_ws/install/test_interface' for CMake module files
[5.172s] Level 1:colcon.colcon_core.environment:checking '/home/ubuntu/robot_ws/install/test_interface' for CMake config files
[5.173s] Level 1:colcon.colcon_core.shell:create_environment_hook('test_interface', 'cmake_prefix_path')
[5.177s] INFO:colcon.colcon_core.shell:Creating environment hook '/home/ubuntu/robot_ws/install/test_interface/share/test_interface/hook/cmake_prefix_path.ps1'
[5.178s] INFO:colcon.colcon_core.shell:Creating environment descriptor '/home/ubuntu/robot_ws/install/test_interface/share/test_interface/hook/cmake_prefix_path.dsv'
[5.178s] INFO:colcon.colcon_core.shell:Creating environment hook '/home/ubuntu/robot_ws/install/test_interface/share/test_interface/hook/cmake_prefix_path.sh'
[5.179s] Level 1:colcon.colcon_core.environment:checking '/home/ubuntu/robot_ws/install/test_interface/lib'
[5.179s] Level 1:colcon.colcon_core.shell:create_environment_hook('test_interface', 'ld_library_path_lib')
[5.183s] INFO:colcon.colcon_core.shell:Creating environment hook '/home/ubuntu/robot_ws/install/test_interface/share/test_interface/hook/ld_library_path_lib.ps1'
[5.183s] INFO:colcon.colcon_core.shell:Creating environment descriptor '/home/ubuntu/robot_ws/install/test_interface/share/test_interface/hook/ld_library_path_lib.dsv'
[5.184s] INFO:colcon.colcon_core.shell:Creating environment hook '/home/ubuntu/robot_ws/install/test_interface/share/test_interface/hook/ld_library_path_lib.sh'
[5.185s] Level 1:colcon.colcon_core.environment:checking '/home/ubuntu/robot_ws/install/test_interface/bin'
[5.185s] Level 1:colcon.colcon_core.environment:checking '/home/ubuntu/robot_ws/install/test_interface/lib/pkgconfig/test_interface.pc'
[5.185s] Level 1:colcon.colcon_core.environment:checking '/home/ubuntu/robot_ws/install/test_interface/lib/python3.8/site-packages'
[5.186s] Level 1:colcon.colcon_core.shell:create_environment_hook('test_interface', 'pythonpath')
[5.189s] INFO:colcon.colcon_core.shell:Creating environment hook '/home/ubuntu/robot_ws/install/test_interface/share/test_interface/hook/pythonpath.ps1'
[5.190s] INFO:colcon.colcon_core.shell:Creating environment descriptor '/home/ubuntu/robot_ws/install/test_interface/share/test_interface/hook/pythonpath.dsv'
[5.190s] INFO:colcon.colcon_core.shell:Creating environment hook '/home/ubuntu/robot_ws/install/test_interface/share/test_interface/hook/pythonpath.sh'
[5.191s] Level 1:colcon.colcon_core.environment:checking '/home/ubuntu/robot_ws/install/test_interface/bin'
[5.195s] INFO:colcon.colcon_core.shell:Creating package script '/home/ubuntu/robot_ws/install/test_interface/share/test_interface/package.ps1'
[5.196s] INFO:colcon.colcon_core.shell:Creating package descriptor '/home/ubuntu/robot_ws/install/test_interface/share/test_interface/package.dsv'
[5.197s] INFO:colcon.colcon_core.shell:Creating package script '/home/ubuntu/robot_ws/install/test_interface/share/test_interface/package.sh'
[5.198s] INFO:colcon.colcon_core.shell:Creating package script '/home/ubuntu/robot_ws/install/test_interface/share/test_interface/package.bash'
[5.198s] INFO:colcon.colcon_core.shell:Creating package script '/home/ubuntu/robot_ws/install/test_interface/share/test_interface/package.zsh'
[5.199s] Level 1:colcon.colcon_core.environment:create_file_with_runtime_dependencies(/home/ubuntu/robot_ws/install/test_interface/share/colcon-core/packages/test_interface)
[5.694s] Level 1:colcon.colcon_core.shell:create_environment_hook('test_num', 'pythonpath_develop')
[5.698s] INFO:colcon.colcon_core.shell:Creating environment hook '/home/ubuntu/robot_ws/build/test_num/share/test_num/hook/pythonpath_develop.ps1'
[5.698s] DEBUG:colcon.colcon_core.event_handler.log_command:Invoked command in '/home/ubuntu/robot_ws/build/test_num' returned '0': PYTHONPATH=/home/ubuntu/robot_ws/build/test_num/prefix_override:/home/ubuntu/robot_ws/install/test_num/lib/python3.8/site-packages:${PYTHONPATH} /usr/bin/python3 setup.py develop --editable --build-directory /home/ubuntu/robot_ws/build/test_num/build --no-deps install_data
[5.699s] INFO:colcon.colcon_core.shell:Creating environment descriptor '/home/ubuntu/robot_ws/build/test_num/share/test_num/hook/pythonpath_develop.dsv'
[5.700s] INFO:colcon.colcon_core.shell:Creating environment hook '/home/ubuntu/robot_ws/build/test_num/share/test_num/hook/pythonpath_develop.sh'
[5.706s] Level 1:colcon.colcon_core.environment:checking '/home/ubuntu/robot_ws/install/test_num' for CMake module files
[5.707s] Level 1:colcon.colcon_core.environment:checking '/home/ubuntu/robot_ws/install/test_num' for CMake config files
[5.707s] Level 1:colcon.colcon_core.environment:checking '/home/ubuntu/robot_ws/install/test_num/lib'
[5.708s] Level 1:colcon.colcon_core.environment:checking '/home/ubuntu/robot_ws/install/test_num/bin'
[5.708s] Level 1:colcon.colcon_core.environment:checking '/home/ubuntu/robot_ws/install/test_num/lib/pkgconfig/test_num.pc'
[5.708s] Level 1:colcon.colcon_core.environment:checking '/home/ubuntu/robot_ws/install/test_num/lib/python3.8/site-packages'
[5.708s] Level 1:colcon.colcon_core.shell:create_environment_hook('test_num', 'pythonpath')
[5.712s] INFO:colcon.colcon_core.shell:Creating environment hook '/home/ubuntu/robot_ws/install/test_num/share/test_num/hook/pythonpath.ps1'
[5.712s] INFO:colcon.colcon_core.shell:Creating environment descriptor '/home/ubuntu/robot_ws/install/test_num/share/test_num/hook/pythonpath.dsv'
[5.713s] INFO:colcon.colcon_core.shell:Creating environment hook '/home/ubuntu/robot_ws/install/test_num/share/test_num/hook/pythonpath.sh'
[5.715s] Level 1:colcon.colcon_core.environment:checking '/home/ubuntu/robot_ws/install/test_num/bin'
[5.715s] Level 1:colcon.colcon_core.environment:create_environment_scripts_only(test_num)
[5.720s] INFO:colcon.colcon_core.shell:Creating package script '/home/ubuntu/robot_ws/install/test_num/share/test_num/package.ps1'
[5.721s] INFO:colcon.colcon_core.shell:Creating package descriptor '/home/ubuntu/robot_ws/install/test_num/share/test_num/package.dsv'
[5.722s] INFO:colcon.colcon_core.shell:Creating package script '/home/ubuntu/robot_ws/install/test_num/share/test_num/package.sh'
[5.723s] INFO:colcon.colcon_core.shell:Creating package script '/home/ubuntu/robot_ws/install/test_num/share/test_num/package.bash'
[5.723s] INFO:colcon.colcon_core.shell:Creating package script '/home/ubuntu/robot_ws/install/test_num/share/test_num/package.zsh'
[5.724s] Level 1:colcon.colcon_core.environment:create_file_with_runtime_dependencies(/home/ubuntu/robot_ws/install/test_num/share/colcon-core/packages/test_num)
[5.725s] DEBUG:colcon.colcon_parallel_executor.executor.parallel:closing loop
[5.725s] DEBUG:colcon.colcon_parallel_executor.executor.parallel:loop closed
[5.726s] DEBUG:colcon.colcon_parallel_executor.executor.parallel:run_until_complete finished with '0'
[5.726s] DEBUG:colcon.colcon_core.event_reactor:joining thread
[5.738s] INFO:colcon.colcon_core.plugin_system:Skipping extension 'colcon_notification.desktop_notification.terminal_notifier': Not used on non-Darwin systems
[5.738s] INFO:colcon.colcon_core.plugin_system:Skipping extension 'colcon_notification.desktop_notification.win32': Not used on non-Windows systems
[5.738s] INFO:colcon.colcon_notification.desktop_notification:Sending desktop notification using 'notify2'
[5.758s] DEBUG:colcon.colcon_core.event_reactor:joined thread
[5.762s] INFO:colcon.colcon_core.shell:Creating prefix script '/home/ubuntu/robot_ws/install/local_setup.ps1'
[5.763s] INFO:colcon.colcon_core.shell:Creating prefix util module '/home/ubuntu/robot_ws/install/_local_setup_util_ps1.py'
[5.765s] INFO:colcon.colcon_core.shell:Creating prefix chain script '/home/ubuntu/robot_ws/install/setup.ps1'
[5.768s] INFO:colcon.colcon_core.shell:Creating prefix script '/home/ubuntu/robot_ws/install/local_setup.sh'
[5.769s] INFO:colcon.colcon_core.shell:Creating prefix util module '/home/ubuntu/robot_ws/install/_local_setup_util_sh.py'
[5.770s] INFO:colcon.colcon_core.shell:Creating prefix chain script '/home/ubuntu/robot_ws/install/setup.sh'
[5.772s] INFO:colcon.colcon_core.shell:Creating prefix script '/home/ubuntu/robot_ws/install/local_setup.bash'
[5.773s] INFO:colcon.colcon_core.shell:Creating prefix chain script '/home/ubuntu/robot_ws/install/setup.bash'
[5.776s] INFO:colcon.colcon_core.shell:Creating prefix script '/home/ubuntu/robot_ws/install/local_setup.zsh'
[5.777s] INFO:colcon.colcon_core.shell:Creating prefix chain script '/home/ubuntu/robot_ws/install/setup.zsh'
