[0.230s] DEBUG:colcon:Command line arguments: ['/usr/bin/colcon', 'build', '--symlink-install', '--packages-select', 'test_interface']
[0.230s] DEBUG:colcon:Parsed command line arguments: Namespace(allow_overriding=[], ament_cmake_args=None, base_paths=['.'], build_base='build', catkin_cmake_args=None, catkin_skip_building_tests=False, cmake_args=None, cmake_clean_cache=False, cmake_clean_first=False, cmake_force_configure=False, cmake_target=None, cmake_target_skip_unavailable=False, continue_on_error=False, event_handlers=None, executor='parallel', ignore_user_meta=False, install_base='install', log_base=None, log_level=None, main=<bound method BuildVerb.main of <colcon_core.verb.build.BuildVerb object at 0x7f9894a14e20>>, merge_install=False, metas=['./colcon.meta'], packages_above=None, packages_above_and_dependencies=None, packages_above_depth=None, packages_end=None, packages_ignore=None, packages_ignore_regex=None, packages_select=['test_interface'], packages_select_build_failed=False, packages_select_by_dep=None, packages_select_regex=None, packages_select_test_failures=False, packages_skip=None, packages_skip_build_finished=False, packages_skip_by_dep=None, packages_skip_regex=None, packages_skip_test_passed=False, packages_skip_up_to=None, packages_start=None, packages_up_to=None, packages_up_to_regex=None, parallel_workers=2, paths=None, symlink_install=True, test_result_base=None, verb_extension=<colcon_core.verb.build.BuildVerb object at 0x7f9894a14e20>, verb_name='build', verb_parser=<colcon_defaults.argument_parser.defaults.DefaultArgumentsDecorator object at 0x7f9894a1c3d0>)
[0.265s] Level 1:colcon.colcon_core.package_discovery:discover_packages(colcon_meta) check parameters
[0.265s] Level 1:colcon.colcon_core.package_discovery:discover_packages(recursive) check parameters
[0.265s] Level 1:colcon.colcon_core.package_discovery:discover_packages(ignore) check parameters
[0.265s] Level 1:colcon.colcon_core.package_discovery:discover_packages(path) check parameters
[0.265s] Level 1:colcon.colcon_core.package_discovery:discover_packages(colcon_meta) discover
[0.265s] Level 1:colcon.colcon_core.package_discovery:discover_packages(recursive) discover
[0.265s] INFO:colcon.colcon_core.package_discovery:Crawling recursively for packages in '/home/ubuntu/robot_ws/src'
[0.265s] Level 1:colcon.colcon_core.package_identification:_identify(.) by extensions ['ignore', 'ignore_ament_install']
[0.266s] Level 1:colcon.colcon_core.package_identification:_identify(.) by extension 'ignore'
[0.266s] Level 1:colcon.colcon_core.package_identification:_identify(.) by extension 'ignore_ament_install'
[0.266s] Level 1:colcon.colcon_core.package_identification:_identify(.) by extensions ['colcon_pkg']
[0.266s] Level 1:colcon.colcon_core.package_identification:_identify(.) by extension 'colcon_pkg'
[0.266s] Level 1:colcon.colcon_core.package_identification:_identify(.) by extensions ['colcon_meta']
[0.266s] Level 1:colcon.colcon_core.package_identification:_identify(.) by extension 'colcon_meta'
[0.266s] Level 1:colcon.colcon_core.package_identification:_identify(.) by extensions ['ros']
[0.266s] Level 1:colcon.colcon_core.package_identification:_identify(.) by extension 'ros'
[0.289s] Level 1:colcon.colcon_core.package_identification:_identify(.) by extensions ['cmake', 'python']
[0.289s] Level 1:colcon.colcon_core.package_identification:_identify(.) by extension 'cmake'
[0.289s] Level 1:colcon.colcon_core.package_identification:_identify(.) by extension 'python'
[0.289s] Level 1:colcon.colcon_core.package_identification:_identify(.) by extensions ['python_setup_py']
[0.289s] Level 1:colcon.colcon_core.package_identification:_identify(.) by extension 'python_setup_py'
[0.289s] Level 1:colcon.colcon_core.package_identification:_identify(build) by extensions ['ignore', 'ignore_ament_install']
[0.289s] Level 1:colcon.colcon_core.package_identification:_identify(build) by extension 'ignore'
[0.289s] Level 1:colcon.colcon_core.package_identification:_identify(build) ignored
[0.289s] Level 1:colcon.colcon_core.package_identification:_identify(install) by extensions ['ignore', 'ignore_ament_install']
[0.290s] Level 1:colcon.colcon_core.package_identification:_identify(install) by extension 'ignore'
[0.290s] Level 1:colcon.colcon_core.package_identification:_identify(install) ignored
[0.290s] Level 1:colcon.colcon_core.package_identification:_identify(log) by extensions ['ignore', 'ignore_ament_install']
[0.290s] Level 1:colcon.colcon_core.package_identification:_identify(log) by extension 'ignore'
[0.290s] Level 1:colcon.colcon_core.package_identification:_identify(log) ignored
[0.290s] Level 1:colcon.colcon_core.package_identification:_identify(m_pubsub) by extensions ['ignore', 'ignore_ament_install']
[0.290s] Level 1:colcon.colcon_core.package_identification:_identify(m_pubsub) by extension 'ignore'
[0.290s] Level 1:colcon.colcon_core.package_identification:_identify(m_pubsub) by extension 'ignore_ament_install'
[0.290s] Level 1:colcon.colcon_core.package_identification:_identify(m_pubsub) by extensions ['colcon_pkg']
[0.290s] Level 1:colcon.colcon_core.package_identification:_identify(m_pubsub) by extension 'colcon_pkg'
[0.291s] Level 1:colcon.colcon_core.package_identification:_identify(m_pubsub) by extensions ['colcon_meta']
[0.291s] Level 1:colcon.colcon_core.package_identification:_identify(m_pubsub) by extension 'colcon_meta'
[0.291s] Level 1:colcon.colcon_core.package_identification:_identify(m_pubsub) by extensions ['ros']
[0.291s] Level 1:colcon.colcon_core.package_identification:_identify(m_pubsub) by extension 'ros'
[0.294s] DEBUG:colcon.colcon_core.package_identification:Package 'm_pubsub' with type 'ros.ament_python' and name 'm_pubsub'
[0.294s] Level 1:colcon.colcon_core.package_identification:_identify(m_time) by extensions ['ignore', 'ignore_ament_install']
[0.294s] Level 1:colcon.colcon_core.package_identification:_identify(m_time) by extension 'ignore'
[0.294s] Level 1:colcon.colcon_core.package_identification:_identify(m_time) by extension 'ignore_ament_install'
[0.294s] Level 1:colcon.colcon_core.package_identification:_identify(m_time) by extensions ['colcon_pkg']
[0.294s] Level 1:colcon.colcon_core.package_identification:_identify(m_time) by extension 'colcon_pkg'
[0.294s] Level 1:colcon.colcon_core.package_identification:_identify(m_time) by extensions ['colcon_meta']
[0.294s] Level 1:colcon.colcon_core.package_identification:_identify(m_time) by extension 'colcon_meta'
[0.294s] Level 1:colcon.colcon_core.package_identification:_identify(m_time) by extensions ['ros']
[0.294s] Level 1:colcon.colcon_core.package_identification:_identify(m_time) by extension 'ros'
[0.295s] DEBUG:colcon.colcon_core.package_identification:Package 'm_time' with type 'ros.ament_python' and name 'm_time'
[0.295s] Level 1:colcon.colcon_core.package_identification:_identify(move_turtle_pkg) by extensions ['ignore', 'ignore_ament_install']
[0.295s] Level 1:colcon.colcon_core.package_identification:_identify(move_turtle_pkg) by extension 'ignore'
[0.295s] Level 1:colcon.colcon_core.package_identification:_identify(move_turtle_pkg) by extension 'ignore_ament_install'
[0.295s] Level 1:colcon.colcon_core.package_identification:_identify(move_turtle_pkg) by extensions ['colcon_pkg']
[0.295s] Level 1:colcon.colcon_core.package_identification:_identify(move_turtle_pkg) by extension 'colcon_pkg'
[0.295s] Level 1:colcon.colcon_core.package_identification:_identify(move_turtle_pkg) by extensions ['colcon_meta']
[0.295s] Level 1:colcon.colcon_core.package_identification:_identify(move_turtle_pkg) by extension 'colcon_meta'
[0.295s] Level 1:colcon.colcon_core.package_identification:_identify(move_turtle_pkg) by extensions ['ros']
[0.296s] Level 1:colcon.colcon_core.package_identification:_identify(move_turtle_pkg) by extension 'ros'
[0.296s] DEBUG:colcon.colcon_core.package_identification:Package 'move_turtle_pkg' with type 'ros.ament_python' and name 'move_turtle_pkg'
[0.296s] Level 1:colcon.colcon_core.package_identification:_identify(test_interface) by extensions ['ignore', 'ignore_ament_install']
[0.296s] Level 1:colcon.colcon_core.package_identification:_identify(test_interface) by extension 'ignore'
[0.296s] Level 1:colcon.colcon_core.package_identification:_identify(test_interface) by extension 'ignore_ament_install'
[0.297s] Level 1:colcon.colcon_core.package_identification:_identify(test_interface) by extensions ['colcon_pkg']
[0.297s] Level 1:colcon.colcon_core.package_identification:_identify(test_interface) by extension 'colcon_pkg'
[0.297s] Level 1:colcon.colcon_core.package_identification:_identify(test_interface) by extensions ['colcon_meta']
[0.297s] Level 1:colcon.colcon_core.package_identification:_identify(test_interface) by extension 'colcon_meta'
[0.297s] Level 1:colcon.colcon_core.package_identification:_identify(test_interface) by extensions ['ros']
[0.297s] Level 1:colcon.colcon_core.package_identification:_identify(test_interface) by extension 'ros'
[0.298s] DEBUG:colcon.colcon_core.package_identification:Package 'test_interface' with type 'ros.ament_cmake' and name 'test_interface'
[0.298s] Level 1:colcon.colcon_core.package_identification:_identify(test_num) by extensions ['ignore', 'ignore_ament_install']
[0.298s] Level 1:colcon.colcon_core.package_identification:_identify(test_num) by extension 'ignore'
[0.298s] Level 1:colcon.colcon_core.package_identification:_identify(test_num) by extension 'ignore_ament_install'
[0.298s] Level 1:colcon.colcon_core.package_identification:_identify(test_num) by extensions ['colcon_pkg']
[0.298s] Level 1:colcon.colcon_core.package_identification:_identify(test_num) by extension 'colcon_pkg'
[0.298s] Level 1:colcon.colcon_core.package_identification:_identify(test_num) by extensions ['colcon_meta']
[0.298s] Level 1:colcon.colcon_core.package_identification:_identify(test_num) by extension 'colcon_meta'
[0.298s] Level 1:colcon.colcon_core.package_identification:_identify(test_num) by extensions ['ros']
[0.298s] Level 1:colcon.colcon_core.package_identification:_identify(test_num) by extension 'ros'
[0.299s] DEBUG:colcon.colcon_core.package_identification:Package 'test_num' with type 'ros.ament_python' and name 'test_num'
[0.299s] Level 1:colcon.colcon_core.package_discovery:discover_packages(recursive) using defaults
[0.299s] Level 1:colcon.colcon_core.package_discovery:discover_packages(ignore) discover
[0.299s] Level 1:colcon.colcon_core.package_discovery:discover_packages(ignore) using defaults
[0.299s] Level 1:colcon.colcon_core.package_discovery:discover_packages(path) discover
[0.299s] Level 1:colcon.colcon_core.package_discovery:discover_packages(path) using defaults
[0.330s] INFO:colcon.colcon_core.package_selection:Skipping not selected package 'm_pubsub' in 'm_pubsub'
[0.330s] INFO:colcon.colcon_core.package_selection:Skipping not selected package 'm_time' in 'm_time'
[0.330s] INFO:colcon.colcon_core.package_selection:Skipping not selected package 'move_turtle_pkg' in 'move_turtle_pkg'
[0.330s] INFO:colcon.colcon_core.package_selection:Skipping not selected package 'test_num' in 'test_num'
[0.331s] Level 1:colcon.colcon_core.package_discovery:discover_packages(prefix_path) check parameters
[0.331s] Level 1:colcon.colcon_core.package_discovery:discover_packages(prefix_path) discover
[0.336s] DEBUG:colcon.colcon_installed_package_information.package_discovery:Found 6 installed packages in /home/ubuntu/robot_ws/install
[0.339s] DEBUG:colcon.colcon_installed_package_information.package_discovery:Found 258 installed packages in /opt/ros/foxy
[0.341s] Level 1:colcon.colcon_core.package_discovery:discover_packages(prefix_path) using defaults
[0.433s] Level 5:colcon.colcon_core.verb:set package 'test_interface' build argument 'cmake_args' from command line to 'None'
[0.433s] Level 5:colcon.colcon_core.verb:set package 'test_interface' build argument 'cmake_target' from command line to 'None'
[0.433s] Level 5:colcon.colcon_core.verb:set package 'test_interface' build argument 'cmake_target_skip_unavailable' from command line to 'False'
[0.433s] Level 5:colcon.colcon_core.verb:set package 'test_interface' build argument 'cmake_clean_cache' from command line to 'False'
[0.433s] Level 5:colcon.colcon_core.verb:set package 'test_interface' build argument 'cmake_clean_first' from command line to 'False'
[0.433s] Level 5:colcon.colcon_core.verb:set package 'test_interface' build argument 'cmake_force_configure' from command line to 'False'
[0.433s] Level 5:colcon.colcon_core.verb:set package 'test_interface' build argument 'ament_cmake_args' from command line to 'None'
[0.433s] Level 5:colcon.colcon_core.verb:set package 'test_interface' build argument 'catkin_cmake_args' from command line to 'None'
[0.433s] Level 5:colcon.colcon_core.verb:set package 'test_interface' build argument 'catkin_skip_building_tests' from command line to 'False'
[0.433s] DEBUG:colcon.colcon_core.verb:Building package 'test_interface' with the following arguments: {'ament_cmake_args': None, 'build_base': '/home/ubuntu/robot_ws/src/build/test_interface', 'catkin_cmake_args': None, 'catkin_skip_building_tests': False, 'cmake_args': None, 'cmake_clean_cache': False, 'cmake_clean_first': False, 'cmake_force_configure': False, 'cmake_target': None, 'cmake_target_skip_unavailable': False, 'install_base': '/home/ubuntu/robot_ws/src/install/test_interface', 'merge_install': False, 'path': '/home/ubuntu/robot_ws/src/test_interface', 'symlink_install': True, 'test_result_base': None}
[0.435s] INFO:colcon.colcon_core.executor:Executing jobs using 'parallel' executor
[0.447s] DEBUG:colcon.colcon_parallel_executor.executor.parallel:run_until_complete
[0.448s] INFO:colcon.colcon_ros.task.ament_cmake.build:Building ROS package in '/home/ubuntu/robot_ws/src/test_interface' with build type 'ament_cmake'
[0.448s] INFO:colcon.colcon_cmake.task.cmake.build:Building CMake package in '/home/ubuntu/robot_ws/src/test_interface'
[0.455s] INFO:colcon.colcon_core.plugin_system:Skipping extension 'colcon_core.shell.bat': Not used on non-Windows systems
[0.455s] INFO:colcon.colcon_core.shell:Skip shell extension 'powershell' for command environment: Not usable outside of PowerShell
[0.456s] DEBUG:colcon.colcon_core.shell:Skip shell extension 'dsv' for command environment
[0.476s] DEBUG:colcon.colcon_core.event_handler.log_command:Invoking command in '/home/ubuntu/robot_ws/src/build/test_interface': CMAKE_PREFIX_PATH=${CMAKE_PREFIX_PATH}:/home/ubuntu/robot_ws/install/test_num:/home/ubuntu/robot_ws/install/move_turtle_pkg:/home/ubuntu/robot_ws/install/m_time:/home/ubuntu/robot_ws/install/m_pubsub:/opt/ros/foxy /usr/bin/cmake /home/ubuntu/robot_ws/src/test_interface -DAMENT_CMAKE_SYMLINK_INSTALL=1 -DCMAKE_INSTALL_PREFIX=/home/ubuntu/robot_ws/src/install/test_interface
[2.576s] DEBUG:colcon.colcon_core.event_handler.log_command:Invoked command in '/home/ubuntu/robot_ws/src/build/test_interface' returned '0': CMAKE_PREFIX_PATH=${CMAKE_PREFIX_PATH}:/home/ubuntu/robot_ws/install/test_num:/home/ubuntu/robot_ws/install/move_turtle_pkg:/home/ubuntu/robot_ws/install/m_time:/home/ubuntu/robot_ws/install/m_pubsub:/opt/ros/foxy /usr/bin/cmake /home/ubuntu/robot_ws/src/test_interface -DAMENT_CMAKE_SYMLINK_INSTALL=1 -DCMAKE_INSTALL_PREFIX=/home/ubuntu/robot_ws/src/install/test_interface
[2.577s] DEBUG:colcon.colcon_core.event_handler.log_command:Invoking command in '/home/ubuntu/robot_ws/src/build/test_interface': CMAKE_PREFIX_PATH=${CMAKE_PREFIX_PATH}:/home/ubuntu/robot_ws/install/test_num:/home/ubuntu/robot_ws/install/move_turtle_pkg:/home/ubuntu/robot_ws/install/m_time:/home/ubuntu/robot_ws/install/m_pubsub:/opt/ros/foxy /usr/bin/cmake --build /home/ubuntu/robot_ws/src/build/test_interface -- -j2 -l2
[18.199s] DEBUG:colcon.colcon_core.event_handler.log_command:Invoked command in '/home/ubuntu/robot_ws/src/build/test_interface' returned '0': CMAKE_PREFIX_PATH=${CMAKE_PREFIX_PATH}:/home/ubuntu/robot_ws/install/test_num:/home/ubuntu/robot_ws/install/move_turtle_pkg:/home/ubuntu/robot_ws/install/m_time:/home/ubuntu/robot_ws/install/m_pubsub:/opt/ros/foxy /usr/bin/cmake --build /home/ubuntu/robot_ws/src/build/test_interface -- -j2 -l2
[18.342s] DEBUG:colcon.colcon_core.event_handler.log_command:Invoking command in '/home/ubuntu/robot_ws/src/build/test_interface': CMAKE_PREFIX_PATH=${CMAKE_PREFIX_PATH}:/home/ubuntu/robot_ws/install/test_num:/home/ubuntu/robot_ws/install/move_turtle_pkg:/home/ubuntu/robot_ws/install/m_time:/home/ubuntu/robot_ws/install/m_pubsub:/opt/ros/foxy /usr/bin/cmake --install /home/ubuntu/robot_ws/src/build/test_interface
[20.088s] Level 1:colcon.colcon_core.environment:create_environment_scripts_only(test_interface)
[20.090s] DEBUG:colcon.colcon_core.event_handler.log_command:Invoked command in '/home/ubuntu/robot_ws/src/build/test_interface' returned '0': CMAKE_PREFIX_PATH=${CMAKE_PREFIX_PATH}:/home/ubuntu/robot_ws/install/test_num:/home/ubuntu/robot_ws/install/move_turtle_pkg:/home/ubuntu/robot_ws/install/m_time:/home/ubuntu/robot_ws/install/m_pubsub:/opt/ros/foxy /usr/bin/cmake --install /home/ubuntu/robot_ws/src/build/test_interface
[20.103s] Level 1:colcon.colcon_core.environment:checking '/home/ubuntu/robot_ws/src/install/test_interface' for CMake module files
[20.103s] Level 1:colcon.colcon_core.environment:checking '/home/ubuntu/robot_ws/src/install/test_interface' for CMake config files
[20.105s] Level 1:colcon.colcon_core.shell:create_environment_hook('test_interface', 'cmake_prefix_path')
[20.108s] INFO:colcon.colcon_core.shell:Creating environment hook '/home/ubuntu/robot_ws/src/install/test_interface/share/test_interface/hook/cmake_prefix_path.ps1'
[20.109s] INFO:colcon.colcon_core.shell:Creating environment descriptor '/home/ubuntu/robot_ws/src/install/test_interface/share/test_interface/hook/cmake_prefix_path.dsv'
[20.110s] INFO:colcon.colcon_core.shell:Creating environment hook '/home/ubuntu/robot_ws/src/install/test_interface/share/test_interface/hook/cmake_prefix_path.sh'
[20.111s] Level 1:colcon.colcon_core.environment:checking '/home/ubuntu/robot_ws/src/install/test_interface/lib'
[20.111s] Level 1:colcon.colcon_core.shell:create_environment_hook('test_interface', 'ld_library_path_lib')
[20.115s] INFO:colcon.colcon_core.shell:Creating environment hook '/home/ubuntu/robot_ws/src/install/test_interface/share/test_interface/hook/ld_library_path_lib.ps1'
[20.115s] INFO:colcon.colcon_core.shell:Creating environment descriptor '/home/ubuntu/robot_ws/src/install/test_interface/share/test_interface/hook/ld_library_path_lib.dsv'
[20.115s] INFO:colcon.colcon_core.shell:Creating environment hook '/home/ubuntu/robot_ws/src/install/test_interface/share/test_interface/hook/ld_library_path_lib.sh'
[20.116s] Level 1:colcon.colcon_core.environment:checking '/home/ubuntu/robot_ws/src/install/test_interface/bin'
[20.116s] Level 1:colcon.colcon_core.environment:checking '/home/ubuntu/robot_ws/src/install/test_interface/lib/pkgconfig/test_interface.pc'
[20.116s] Level 1:colcon.colcon_core.environment:checking '/home/ubuntu/robot_ws/src/install/test_interface/lib/python3.8/site-packages'
[20.116s] Level 1:colcon.colcon_core.shell:create_environment_hook('test_interface', 'pythonpath')
[20.120s] INFO:colcon.colcon_core.shell:Creating environment hook '/home/ubuntu/robot_ws/src/install/test_interface/share/test_interface/hook/pythonpath.ps1'
[20.120s] INFO:colcon.colcon_core.shell:Creating environment descriptor '/home/ubuntu/robot_ws/src/install/test_interface/share/test_interface/hook/pythonpath.dsv'
[20.121s] INFO:colcon.colcon_core.shell:Creating environment hook '/home/ubuntu/robot_ws/src/install/test_interface/share/test_interface/hook/pythonpath.sh'
[20.121s] Level 1:colcon.colcon_core.environment:checking '/home/ubuntu/robot_ws/src/install/test_interface/bin'
[20.125s] INFO:colcon.colcon_core.shell:Creating package script '/home/ubuntu/robot_ws/src/install/test_interface/share/test_interface/package.ps1'
[20.126s] INFO:colcon.colcon_core.shell:Creating package descriptor '/home/ubuntu/robot_ws/src/install/test_interface/share/test_interface/package.dsv'
[20.127s] INFO:colcon.colcon_core.shell:Creating package script '/home/ubuntu/robot_ws/src/install/test_interface/share/test_interface/package.sh'
[20.128s] INFO:colcon.colcon_core.shell:Creating package script '/home/ubuntu/robot_ws/src/install/test_interface/share/test_interface/package.bash'
[20.129s] INFO:colcon.colcon_core.shell:Creating package script '/home/ubuntu/robot_ws/src/install/test_interface/share/test_interface/package.zsh'
[20.129s] Level 1:colcon.colcon_core.environment:create_file_with_runtime_dependencies(/home/ubuntu/robot_ws/src/install/test_interface/share/colcon-core/packages/test_interface)
[20.267s] Level 1:colcon.colcon_core.environment:create_environment_scripts_only(test_interface)
[20.273s] Level 1:colcon.colcon_core.environment:checking '/home/ubuntu/robot_ws/src/install/test_interface' for CMake module files
[20.274s] Level 1:colcon.colcon_core.environment:checking '/home/ubuntu/robot_ws/src/install/test_interface' for CMake config files
[20.275s] Level 1:colcon.colcon_core.shell:create_environment_hook('test_interface', 'cmake_prefix_path')
[20.280s] INFO:colcon.colcon_core.shell:Creating environment hook '/home/ubuntu/robot_ws/src/install/test_interface/share/test_interface/hook/cmake_prefix_path.ps1'
[20.281s] INFO:colcon.colcon_core.shell:Creating environment descriptor '/home/ubuntu/robot_ws/src/install/test_interface/share/test_interface/hook/cmake_prefix_path.dsv'
[20.282s] INFO:colcon.colcon_core.shell:Creating environment hook '/home/ubuntu/robot_ws/src/install/test_interface/share/test_interface/hook/cmake_prefix_path.sh'
[20.283s] Level 1:colcon.colcon_core.environment:checking '/home/ubuntu/robot_ws/src/install/test_interface/lib'
[20.283s] Level 1:colcon.colcon_core.shell:create_environment_hook('test_interface', 'ld_library_path_lib')
[20.287s] INFO:colcon.colcon_core.shell:Creating environment hook '/home/ubuntu/robot_ws/src/install/test_interface/share/test_interface/hook/ld_library_path_lib.ps1'
[20.287s] INFO:colcon.colcon_core.shell:Creating environment descriptor '/home/ubuntu/robot_ws/src/install/test_interface/share/test_interface/hook/ld_library_path_lib.dsv'
[20.288s] INFO:colcon.colcon_core.shell:Creating environment hook '/home/ubuntu/robot_ws/src/install/test_interface/share/test_interface/hook/ld_library_path_lib.sh'
[20.288s] Level 1:colcon.colcon_core.environment:checking '/home/ubuntu/robot_ws/src/install/test_interface/bin'
[20.288s] Level 1:colcon.colcon_core.environment:checking '/home/ubuntu/robot_ws/src/install/test_interface/lib/pkgconfig/test_interface.pc'
[20.289s] Level 1:colcon.colcon_core.environment:checking '/home/ubuntu/robot_ws/src/install/test_interface/lib/python3.8/site-packages'
[20.289s] Level 1:colcon.colcon_core.shell:create_environment_hook('test_interface', 'pythonpath')
[20.293s] INFO:colcon.colcon_core.shell:Creating environment hook '/home/ubuntu/robot_ws/src/install/test_interface/share/test_interface/hook/pythonpath.ps1'
[20.294s] INFO:colcon.colcon_core.shell:Creating environment descriptor '/home/ubuntu/robot_ws/src/install/test_interface/share/test_interface/hook/pythonpath.dsv'
[20.294s] INFO:colcon.colcon_core.shell:Creating environment hook '/home/ubuntu/robot_ws/src/install/test_interface/share/test_interface/hook/pythonpath.sh'
[20.295s] Level 1:colcon.colcon_core.environment:checking '/home/ubuntu/robot_ws/src/install/test_interface/bin'
[20.299s] INFO:colcon.colcon_core.shell:Creating package script '/home/ubuntu/robot_ws/src/install/test_interface/share/test_interface/package.ps1'
[20.300s] INFO:colcon.colcon_core.shell:Creating package descriptor '/home/ubuntu/robot_ws/src/install/test_interface/share/test_interface/package.dsv'
[20.300s] INFO:colcon.colcon_core.shell:Creating package script '/home/ubuntu/robot_ws/src/install/test_interface/share/test_interface/package.sh'
[20.301s] INFO:colcon.colcon_core.shell:Creating package script '/home/ubuntu/robot_ws/src/install/test_interface/share/test_interface/package.bash'
[20.302s] INFO:colcon.colcon_core.shell:Creating package script '/home/ubuntu/robot_ws/src/install/test_interface/share/test_interface/package.zsh'
[20.302s] Level 1:colcon.colcon_core.environment:create_file_with_runtime_dependencies(/home/ubuntu/robot_ws/src/install/test_interface/share/colcon-core/packages/test_interface)
[20.304s] DEBUG:colcon.colcon_parallel_executor.executor.parallel:closing loop
[20.304s] DEBUG:colcon.colcon_parallel_executor.executor.parallel:loop closed
[20.304s] DEBUG:colcon.colcon_parallel_executor.executor.parallel:run_until_complete finished with '0'
[20.304s] DEBUG:colcon.colcon_core.event_reactor:joining thread
[20.322s] INFO:colcon.colcon_core.plugin_system:Skipping extension 'colcon_notification.desktop_notification.terminal_notifier': Not used on non-Darwin systems
[20.323s] INFO:colcon.colcon_core.plugin_system:Skipping extension 'colcon_notification.desktop_notification.win32': Not used on non-Windows systems
[20.323s] INFO:colcon.colcon_notification.desktop_notification:Sending desktop notification using 'notify2'
[20.344s] DEBUG:colcon.colcon_core.event_reactor:joined thread
[20.348s] INFO:colcon.colcon_core.shell:Creating prefix script '/home/ubuntu/robot_ws/src/install/local_setup.ps1'
[20.349s] INFO:colcon.colcon_core.shell:Creating prefix util module '/home/ubuntu/robot_ws/src/install/_local_setup_util_ps1.py'
[20.351s] INFO:colcon.colcon_core.shell:Creating prefix chain script '/home/ubuntu/robot_ws/src/install/setup.ps1'
[20.353s] INFO:colcon.colcon_core.shell:Creating prefix script '/home/ubuntu/robot_ws/src/install/local_setup.sh'
[20.354s] INFO:colcon.colcon_core.shell:Creating prefix util module '/home/ubuntu/robot_ws/src/install/_local_setup_util_sh.py'
[20.358s] INFO:colcon.colcon_core.shell:Creating prefix chain script '/home/ubuntu/robot_ws/src/install/setup.sh'
[20.360s] INFO:colcon.colcon_core.shell:Creating prefix script '/home/ubuntu/robot_ws/src/install/local_setup.bash'
[20.361s] INFO:colcon.colcon_core.shell:Creating prefix chain script '/home/ubuntu/robot_ws/src/install/setup.bash'
[20.363s] INFO:colcon.colcon_core.shell:Creating prefix script '/home/ubuntu/robot_ws/src/install/local_setup.zsh'
[20.363s] INFO:colcon.colcon_core.shell:Creating prefix chain script '/home/ubuntu/robot_ws/src/install/setup.zsh'
